<?xml version="1.0" encoding="UTF-8"?>
<testsuite name="testUI.VulnerabilityTest" tests="1" skipped="0" failures="0" errors="0" timestamp="2022-06-25T03:30:30" hostname="LAPTOP-OGR522I7" time="21.477">
  <properties/>
  <testcase name="verifyVulnerabilityTesting()" classname="testUI.VulnerabilityTest" time="21.477"/>
  <system-out><![CDATA[GET request: http://127.0.0.1:8080/JSON/ascan/action/scan/?url=https://todoist.com/es
request body: 
response code: 200
response body: {"scan":"0"}
GET request: http://127.0.0.1:8080/JSON/ascan/view/status/?scanId=0
request body: 
response code: 200
response body: {"status":"2"}
GET request: http://127.0.0.1:8080/JSON/ascan/view/status/?scanId=0
request body: 
response code: 200
response body: {"status":"3"}
Status Progress : [3%]....
GET request: http://127.0.0.1:8080/HTML/alert/view/alerts/?baseurl=https://todoist.com/es
request body: 
response code: 200
response body: <head>
</head>
<body>
<h2>alerts</h2>
<table border="1">
<tr><td>
<h2>alert</h2>
<table border="1">
<tr><td>
sourceid</td><td>
3</td></tr>
<tr><td>
other</td><td>
</td></tr>
<tr><td>
method</td><td>
GET</td></tr>
<tr><td>
evidence</td><td>
</td></tr>
<tr><td>
pluginId</td><td>
10038</td></tr>
<tr><td>
cweid</td><td>
693</td></tr>
<tr><td>
confidence</td><td>
High</td></tr>
<tr><td>
wascid</td><td>
15</td></tr>
<tr><td>
description</td><td>
Content Security Policy (CSP) is an added layer of security that helps to detect and mitigate certain types of attacks, including Cross Site Scripting (XSS) and data injection attacks. These attacks are used for everything from data theft to site defacement or distribution of malware. CSP provides a set of standard HTTP headers that allow website owners to declare approved sources of content that browsers should be allowed to load on that page &mdash; covered types are JavaScript, CSS, HTML frames, fonts, images and embeddable objects such as Java applets, ActiveX, audio and video files.</td></tr>
<tr><td>
messageId</td><td>
3</td></tr>
<tr><td>
url</td><td>
https://todoist.com/es</td></tr>
<tr><td>
tags</td><td>
{OWASP_2021_A05=https://owasp.org/Top10/A05_2021-Security_Misconfiguration/, OWASP_2017_A06=https://owasp.org/www-project-top-ten/2017/A6_2017-Security_Misconfiguration.html}</td></tr>
<tr><td>
reference</td><td>
https://developer.mozilla.org/en-US/docs/Web/Security/CSP/Introducing_Content_Security_Policy
https://cheatsheetseries.owasp.org/cheatsheets/Content_Security_Policy_Cheat_Sheet.html
http://www.w3.org/TR/CSP/
http://w3c.github.io/webappsec/specs/content-security-policy/csp-specification.dev.html
http://www.html5rocks.com/en/tutorials/security/content-security-policy/
http://caniuse.com/#feat=contentsecuritypolicy
http://content-security-policy.com/</td></tr>
<tr><td>
solution</td><td>
Ensure that your web server, application server, load balancer, etc. is configured to set the Content-Security-Policy header, to achieve optimal browser support: &quot;Content-Security-Policy&quot; for Chrome 25+, Firefox 23+ and Safari 7+, &quot;X-Content-Security-Policy&quot; for Firefox 4.0+ and Internet Explorer 10+, and &quot;X-WebKit-CSP&quot; for Chrome 14+ and Safari 6+.</td></tr>
<tr><td>
alert</td><td>
Content Security Policy (CSP) Header Not Set</td></tr>
<tr><td>
param</td><td>
</td></tr>
<tr><td>
attack</td><td>
</td></tr>
<tr><td>
name</td><td>
Content Security Policy (CSP) Header Not Set</td></tr>
<tr><td>
risk</td><td>
Medium</td></tr>
<tr><td>
id</td><td>
0</td></tr>
<tr><td>
alertRef</td><td>
10038</td></tr>
</table>
</td></tr>
<tr><td>
<h2>alert</h2>
<table border="1">
<tr><td>
sourceid</td><td>
3</td></tr>
<tr><td>
other</td><td>
</td></tr>
<tr><td>
method</td><td>
GET</td></tr>
<tr><td>
evidence</td><td>
set-cookie: next-i18next</td></tr>
<tr><td>
pluginId</td><td>
10010</td></tr>
<tr><td>
cweid</td><td>
1004</td></tr>
<tr><td>
confidence</td><td>
Medium</td></tr>
<tr><td>
wascid</td><td>
13</td></tr>
<tr><td>
description</td><td>
A cookie has been set without the HttpOnly flag, which means that the cookie can be accessed by JavaScript. If a malicious script can be run on this page then the cookie will be accessible and can be transmitted to another site. If this is a session cookie then session hijacking may be possible.</td></tr>
<tr><td>
messageId</td><td>
3</td></tr>
<tr><td>
url</td><td>
https://todoist.com/es</td></tr>
<tr><td>
tags</td><td>
{OWASP_2021_A05=https://owasp.org/Top10/A05_2021-Security_Misconfiguration/, WSTG-v42-SESS-02=https://owasp.org/www-project-web-security-testing-guide/v42/4-Web_Application_Security_Testing/06-Session_Management_Testing/02-Testing_for_Cookies_Attributes, OWASP_2017_A06=https://owasp.org/www-project-top-ten/2017/A6_2017-Security_Misconfiguration.html}</td></tr>
<tr><td>
reference</td><td>
https://owasp.org/www-community/HttpOnly</td></tr>
<tr><td>
solution</td><td>
Ensure that the HttpOnly flag is set for all cookies.</td></tr>
<tr><td>
alert</td><td>
Cookie No HttpOnly Flag</td></tr>
<tr><td>
param</td><td>
next-i18next</td></tr>
<tr><td>
attack</td><td>
</td></tr>
<tr><td>
name</td><td>
Cookie No HttpOnly Flag</td></tr>
<tr><td>
risk</td><td>
Low</td></tr>
<tr><td>
id</td><td>
1</td></tr>
<tr><td>
alertRef</td><td>
10010</td></tr>
</table>
</td></tr>
<tr><td>
<h2>alert</h2>
<table border="1">
<tr><td>
sourceid</td><td>
3</td></tr>
<tr><td>
other</td><td>
</td></tr>
<tr><td>
method</td><td>
GET</td></tr>
<tr><td>
evidence</td><td>
set-cookie: _csrf</td></tr>
<tr><td>
pluginId</td><td>
10010</td></tr>
<tr><td>
cweid</td><td>
1004</td></tr>
<tr><td>
confidence</td><td>
Medium</td></tr>
<tr><td>
wascid</td><td>
13</td></tr>
<tr><td>
description</td><td>
A cookie has been set without the HttpOnly flag, which means that the cookie can be accessed by JavaScript. If a malicious script can be run on this page then the cookie will be accessible and can be transmitted to another site. If this is a session cookie then session hijacking may be possible.</td></tr>
<tr><td>
messageId</td><td>
3</td></tr>
<tr><td>
url</td><td>
https://todoist.com/es</td></tr>
<tr><td>
tags</td><td>
{OWASP_2021_A05=https://owasp.org/Top10/A05_2021-Security_Misconfiguration/, WSTG-v42-SESS-02=https://owasp.org/www-project-web-security-testing-guide/v42/4-Web_Application_Security_Testing/06-Session_Management_Testing/02-Testing_for_Cookies_Attributes, OWASP_2017_A06=https://owasp.org/www-project-top-ten/2017/A6_2017-Security_Misconfiguration.html}</td></tr>
<tr><td>
reference</td><td>
https://owasp.org/www-community/HttpOnly</td></tr>
<tr><td>
solution</td><td>
Ensure that the HttpOnly flag is set for all cookies.</td></tr>
<tr><td>
alert</td><td>
Cookie No HttpOnly Flag</td></tr>
<tr><td>
param</td><td>
_csrf</td></tr>
<tr><td>
attack</td><td>
</td></tr>
<tr><td>
name</td><td>
Cookie No HttpOnly Flag</td></tr>
<tr><td>
risk</td><td>
Low</td></tr>
<tr><td>
id</td><td>
2</td></tr>
<tr><td>
alertRef</td><td>
10010</td></tr>
</table>
</td></tr>
<tr><td>
<h2>alert</h2>
<table border="1">
<tr><td>
sourceid</td><td>
3</td></tr>
<tr><td>
other</td><td>
</td></tr>
<tr><td>
method</td><td>
GET</td></tr>
<tr><td>
evidence</td><td>
set-cookie: next-i18next</td></tr>
<tr><td>
pluginId</td><td>
10054</td></tr>
<tr><td>
cweid</td><td>
1275</td></tr>
<tr><td>
confidence</td><td>
Medium</td></tr>
<tr><td>
wascid</td><td>
13</td></tr>
<tr><td>
description</td><td>
Una cookie ha sido enviada sin el atributo SameSite, lo que significa que la cookie puede ser enviada como un resultado de una solicitud 'cross-site'. 
El atributo SameSite es una medida efectiva contra solicitudes de falsificaci&oacute;n de cross-site, inclusi&oacute;n de secuencias cross-site, y ataques sincronizados.</td></tr>
<tr><td>
messageId</td><td>
3</td></tr>
<tr><td>
url</td><td>
https://todoist.com/es</td></tr>
<tr><td>
tags</td><td>
{OWASP_2021_A01=https://owasp.org/Top10/A01_2021-Broken_Access_Control/, WSTG-v42-SESS-02=https://owasp.org/www-project-web-security-testing-guide/v42/4-Web_Application_Security_Testing/06-Session_Management_Testing/02-Testing_for_Cookies_Attributes, OWASP_2017_A05=https://owasp.org/www-project-top-ten/2017/A5_2017-Broken_Access_Control.html}</td></tr>
<tr><td>
reference</td><td>
https://tools.ietf.org/html/draft-ietf-httpbis-cookie-same-site</td></tr>
<tr><td>
solution</td><td>
Aseg&uacute;rese que el atributo SameSite est&aacute; establecido como 'lax' o idealmente 'strict' para todas las cookies.</td></tr>
<tr><td>
alert</td><td>
Cookie without SameSite Attribute</td></tr>
<tr><td>
param</td><td>
next-i18next</td></tr>
<tr><td>
attack</td><td>
</td></tr>
<tr><td>
name</td><td>
Cookie without SameSite Attribute</td></tr>
<tr><td>
risk</td><td>
Low</td></tr>
<tr><td>
id</td><td>
3</td></tr>
<tr><td>
alertRef</td><td>
10054</td></tr>
</table>
</td></tr>
<tr><td>
<h2>alert</h2>
<table border="1">
<tr><td>
sourceid</td><td>
3</td></tr>
<tr><td>
other</td><td>
</td></tr>
<tr><td>
method</td><td>
GET</td></tr>
<tr><td>
evidence</td><td>
set-cookie: _csrf</td></tr>
<tr><td>
pluginId</td><td>
10054</td></tr>
<tr><td>
cweid</td><td>
1275</td></tr>
<tr><td>
confidence</td><td>
Medium</td></tr>
<tr><td>
wascid</td><td>
13</td></tr>
<tr><td>
description</td><td>
Una cookie ha sido enviada sin el atributo SameSite, lo que significa que la cookie puede ser enviada como un resultado de una solicitud 'cross-site'. 
El atributo SameSite es una medida efectiva contra solicitudes de falsificaci&oacute;n de cross-site, inclusi&oacute;n de secuencias cross-site, y ataques sincronizados.</td></tr>
<tr><td>
messageId</td><td>
3</td></tr>
<tr><td>
url</td><td>
https://todoist.com/es</td></tr>
<tr><td>
tags</td><td>
{OWASP_2021_A01=https://owasp.org/Top10/A01_2021-Broken_Access_Control/, WSTG-v42-SESS-02=https://owasp.org/www-project-web-security-testing-guide/v42/4-Web_Application_Security_Testing/06-Session_Management_Testing/02-Testing_for_Cookies_Attributes, OWASP_2017_A05=https://owasp.org/www-project-top-ten/2017/A5_2017-Broken_Access_Control.html}</td></tr>
<tr><td>
reference</td><td>
https://tools.ietf.org/html/draft-ietf-httpbis-cookie-same-site</td></tr>
<tr><td>
solution</td><td>
Aseg&uacute;rese que el atributo SameSite est&aacute; establecido como 'lax' o idealmente 'strict' para todas las cookies.</td></tr>
<tr><td>
alert</td><td>
Cookie without SameSite Attribute</td></tr>
<tr><td>
param</td><td>
_csrf</td></tr>
<tr><td>
attack</td><td>
</td></tr>
<tr><td>
name</td><td>
Cookie without SameSite Attribute</td></tr>
<tr><td>
risk</td><td>
Low</td></tr>
<tr><td>
id</td><td>
4</td></tr>
<tr><td>
alertRef</td><td>
10054</td></tr>
</table>
</td></tr>
<tr><td>
<h2>alert</h2>
<table border="1">
<tr><td>
sourceid</td><td>
3</td></tr>
<tr><td>
other</td><td>
</td></tr>
<tr><td>
method</td><td>
GET</td></tr>
<tr><td>
evidence</td><td>
set-cookie: next-i18next</td></tr>
<tr><td>
pluginId</td><td>
10011</td></tr>
<tr><td>
cweid</td><td>
614</td></tr>
<tr><td>
confidence</td><td>
Medium</td></tr>
<tr><td>
wascid</td><td>
13</td></tr>
<tr><td>
description</td><td>
A cookie has been set without the secure flag, which means that the cookie can be accessed via unencrypted connections.</td></tr>
<tr><td>
messageId</td><td>
3</td></tr>
<tr><td>
url</td><td>
https://todoist.com/es</td></tr>
<tr><td>
tags</td><td>
{OWASP_2021_A05=https://owasp.org/Top10/A05_2021-Security_Misconfiguration/, WSTG-v42-SESS-02=https://owasp.org/www-project-web-security-testing-guide/v42/4-Web_Application_Security_Testing/06-Session_Management_Testing/02-Testing_for_Cookies_Attributes, OWASP_2017_A06=https://owasp.org/www-project-top-ten/2017/A6_2017-Security_Misconfiguration.html}</td></tr>
<tr><td>
reference</td><td>
https://owasp.org/www-project-web-security-testing-guide/v41/4-Web_Application_Security_Testing/06-Session_Management_Testing/02-Testing_for_Cookies_Attributes.html</td></tr>
<tr><td>
solution</td><td>
Whenever a cookie contains sensitive information or is a session token, then it should always be passed using an encrypted channel. Ensure that the secure flag is set for cookies containing such sensitive information.</td></tr>
<tr><td>
alert</td><td>
Cookie Without Secure Flag</td></tr>
<tr><td>
param</td><td>
next-i18next</td></tr>
<tr><td>
attack</td><td>
</td></tr>
<tr><td>
name</td><td>
Cookie Without Secure Flag</td></tr>
<tr><td>
risk</td><td>
Low</td></tr>
<tr><td>
id</td><td>
5</td></tr>
<tr><td>
alertRef</td><td>
10011</td></tr>
</table>
</td></tr>
<tr><td>
<h2>alert</h2>
<table border="1">
<tr><td>
sourceid</td><td>
3</td></tr>
<tr><td>
other</td><td>
</td></tr>
<tr><td>
method</td><td>
GET</td></tr>
<tr><td>
evidence</td><td>
set-cookie: _csrf</td></tr>
<tr><td>
pluginId</td><td>
10011</td></tr>
<tr><td>
cweid</td><td>
614</td></tr>
<tr><td>
confidence</td><td>
Medium</td></tr>
<tr><td>
wascid</td><td>
13</td></tr>
<tr><td>
description</td><td>
A cookie has been set without the secure flag, which means that the cookie can be accessed via unencrypted connections.</td></tr>
<tr><td>
messageId</td><td>
3</td></tr>
<tr><td>
url</td><td>
https://todoist.com/es</td></tr>
<tr><td>
tags</td><td>
{OWASP_2021_A05=https://owasp.org/Top10/A05_2021-Security_Misconfiguration/, WSTG-v42-SESS-02=https://owasp.org/www-project-web-security-testing-guide/v42/4-Web_Application_Security_Testing/06-Session_Management_Testing/02-Testing_for_Cookies_Attributes, OWASP_2017_A06=https://owasp.org/www-project-top-ten/2017/A6_2017-Security_Misconfiguration.html}</td></tr>
<tr><td>
reference</td><td>
https://owasp.org/www-project-web-security-testing-guide/v41/4-Web_Application_Security_Testing/06-Session_Management_Testing/02-Testing_for_Cookies_Attributes.html</td></tr>
<tr><td>
solution</td><td>
Whenever a cookie contains sensitive information or is a session token, then it should always be passed using an encrypted channel. Ensure that the secure flag is set for cookies containing such sensitive information.</td></tr>
<tr><td>
alert</td><td>
Cookie Without Secure Flag</td></tr>
<tr><td>
param</td><td>
_csrf</td></tr>
<tr><td>
attack</td><td>
</td></tr>
<tr><td>
name</td><td>
Cookie Without Secure Flag</td></tr>
<tr><td>
risk</td><td>
Low</td></tr>
<tr><td>
id</td><td>
6</td></tr>
<tr><td>
alertRef</td><td>
10011</td></tr>
</table>
</td></tr>
<tr><td>
<h2>alert</h2>
<table border="1">
<tr><td>
sourceid</td><td>
3</td></tr>
<tr><td>
other</td><td>
The following pattern was used: \bTODO\b and was detected in the element starting with: &quot;&lt;script id=&quot;__NEXT_DATA__&quot; type=&quot;application/json&quot;&gt;{&quot;props&quot;:{&quot;pageProps&quot;:{&quot;webpSupport&quot;:true,&quot;isAuthenticated&quot;:false,&quot;cookies&quot;:{&quot;, see evidence field for the suspicious comment/snippet.</td></tr>
<tr><td>
method</td><td>
GET</td></tr>
<tr><td>
evidence</td><td>
Todo</td></tr>
<tr><td>
pluginId</td><td>
10027</td></tr>
<tr><td>
cweid</td><td>
200</td></tr>
<tr><td>
confidence</td><td>
Low</td></tr>
<tr><td>
wascid</td><td>
13</td></tr>
<tr><td>
description</td><td>
The response appears to contain suspicious comments which may help an attacker. Note: Matches made within script blocks or files are against the entire content not only comments.</td></tr>
<tr><td>
messageId</td><td>
3</td></tr>
<tr><td>
url</td><td>
https://todoist.com/es</td></tr>
<tr><td>
tags</td><td>
{OWASP_2021_A01=https://owasp.org/Top10/A01_2021-Broken_Access_Control/, OWASP_2017_A03=https://owasp.org/www-project-top-ten/2017/A3_2017-Sensitive_Data_Exposure.html}</td></tr>
<tr><td>
reference</td><td>
</td></tr>
<tr><td>
solution</td><td>
Eliminar todos los comentarios que devuelvan informaci&oacute;n que podr&iacute;a ayudar a un atacante y arreglar cualquier problema subyacente al que se refieran.</td></tr>
<tr><td>
alert</td><td>
Divulgaci&oacute;n de informaci&oacute;n - Comentarios sospechosos</td></tr>
<tr><td>
param</td><td>
</td></tr>
<tr><td>
attack</td><td>
</td></tr>
<tr><td>
name</td><td>
Divulgaci&oacute;n de informaci&oacute;n - Comentarios sospechosos</td></tr>
<tr><td>
risk</td><td>
Informational</td></tr>
<tr><td>
id</td><td>
7</td></tr>
<tr><td>
alertRef</td><td>
10027</td></tr>
</table>
</td></tr>
<tr><td>
<h2>alert</h2>
<table border="1">
<tr><td>
sourceid</td><td>
3</td></tr>
<tr><td>
other</td><td>
This issue still applies to error type pages (401, 403, 500, etc.) as those pages are often still affected by injection issues, in which case there is still concern for browsers sniffing pages away from their actual content type.
At &quot;High&quot; threshold this scan rule will not alert on client or server error responses.</td></tr>
<tr><td>
method</td><td>
GET</td></tr>
<tr><td>
evidence</td><td>
</td></tr>
<tr><td>
pluginId</td><td>
10021</td></tr>
<tr><td>
cweid</td><td>
693</td></tr>
<tr><td>
confidence</td><td>
Medium</td></tr>
<tr><td>
wascid</td><td>
15</td></tr>
<tr><td>
description</td><td>
The Anti-MIME-Sniffing header X-Content-Type-Options was not set to 'nosniff'. This allows older versions of Internet Explorer and Chrome to perform MIME-sniffing on the response body, potentially causing the response body to be interpreted and displayed as a content type other than the declared content type. Current (early 2014) and legacy versions of Firefox will use the declared content type (if one is set), rather than performing MIME-sniffing.</td></tr>
<tr><td>
messageId</td><td>
3</td></tr>
<tr><td>
url</td><td>
https://todoist.com/es</td></tr>
<tr><td>
tags</td><td>
{OWASP_2021_A05=https://owasp.org/Top10/A05_2021-Security_Misconfiguration/, OWASP_2017_A06=https://owasp.org/www-project-top-ten/2017/A6_2017-Security_Misconfiguration.html}</td></tr>
<tr><td>
reference</td><td>
http://msdn.microsoft.com/en-us/library/ie/gg622941%28v=vs.85%29.aspx
https://owasp.org/www-community/Security_Headers</td></tr>
<tr><td>
solution</td><td>
Ensure that the application/web server sets the Content-Type header appropriately, and that it sets the X-Content-Type-Options header to 'nosniff' for all web pages.
If possible, ensure that the end user uses a standards-compliant and modern web browser that does not perform MIME-sniffing at all, or that can be directed by the web application/web server to not perform MIME-sniffing.</td></tr>
<tr><td>
alert</td><td>
X-Content-Type-Options Header Missing</td></tr>
<tr><td>
param</td><td>
X-Content-Type-Options</td></tr>
<tr><td>
attack</td><td>
</td></tr>
<tr><td>
name</td><td>
X-Content-Type-Options Header Missing</td></tr>
<tr><td>
risk</td><td>
Low</td></tr>
<tr><td>
id</td><td>
8</td></tr>
<tr><td>
alertRef</td><td>
10021</td></tr>
</table>
</td></tr>
</table>
</body>

GET request: http://127.0.0.1:8080/JSON/ascan/view/status/?scanId=0
request body: 
response code: 200
response body: {"status":"100"}
Status Progress : [100%]....
GET request: http://127.0.0.1:8080/HTML/alert/view/alerts/?baseurl=https://todoist.com/es
request body: 
response code: 200
response body: <head>
</head>
<body>
<h2>alerts</h2>
<table border="1">
<tr><td>
<h2>alert</h2>
<table border="1">
<tr><td>
sourceid</td><td>
3</td></tr>
<tr><td>
other</td><td>
</td></tr>
<tr><td>
method</td><td>
GET</td></tr>
<tr><td>
evidence</td><td>
</td></tr>
<tr><td>
pluginId</td><td>
10038</td></tr>
<tr><td>
cweid</td><td>
693</td></tr>
<tr><td>
confidence</td><td>
High</td></tr>
<tr><td>
wascid</td><td>
15</td></tr>
<tr><td>
description</td><td>
Content Security Policy (CSP) is an added layer of security that helps to detect and mitigate certain types of attacks, including Cross Site Scripting (XSS) and data injection attacks. These attacks are used for everything from data theft to site defacement or distribution of malware. CSP provides a set of standard HTTP headers that allow website owners to declare approved sources of content that browsers should be allowed to load on that page &mdash; covered types are JavaScript, CSS, HTML frames, fonts, images and embeddable objects such as Java applets, ActiveX, audio and video files.</td></tr>
<tr><td>
messageId</td><td>
3</td></tr>
<tr><td>
url</td><td>
https://todoist.com/es</td></tr>
<tr><td>
tags</td><td>
{OWASP_2021_A05=https://owasp.org/Top10/A05_2021-Security_Misconfiguration/, OWASP_2017_A06=https://owasp.org/www-project-top-ten/2017/A6_2017-Security_Misconfiguration.html}</td></tr>
<tr><td>
reference</td><td>
https://developer.mozilla.org/en-US/docs/Web/Security/CSP/Introducing_Content_Security_Policy
https://cheatsheetseries.owasp.org/cheatsheets/Content_Security_Policy_Cheat_Sheet.html
http://www.w3.org/TR/CSP/
http://w3c.github.io/webappsec/specs/content-security-policy/csp-specification.dev.html
http://www.html5rocks.com/en/tutorials/security/content-security-policy/
http://caniuse.com/#feat=contentsecuritypolicy
http://content-security-policy.com/</td></tr>
<tr><td>
solution</td><td>
Ensure that your web server, application server, load balancer, etc. is configured to set the Content-Security-Policy header, to achieve optimal browser support: &quot;Content-Security-Policy&quot; for Chrome 25+, Firefox 23+ and Safari 7+, &quot;X-Content-Security-Policy&quot; for Firefox 4.0+ and Internet Explorer 10+, and &quot;X-WebKit-CSP&quot; for Chrome 14+ and Safari 6+.</td></tr>
<tr><td>
alert</td><td>
Content Security Policy (CSP) Header Not Set</td></tr>
<tr><td>
param</td><td>
</td></tr>
<tr><td>
attack</td><td>
</td></tr>
<tr><td>
name</td><td>
Content Security Policy (CSP) Header Not Set</td></tr>
<tr><td>
risk</td><td>
Medium</td></tr>
<tr><td>
id</td><td>
0</td></tr>
<tr><td>
alertRef</td><td>
10038</td></tr>
</table>
</td></tr>
<tr><td>
<h2>alert</h2>
<table border="1">
<tr><td>
sourceid</td><td>
3</td></tr>
<tr><td>
other</td><td>
</td></tr>
<tr><td>
method</td><td>
GET</td></tr>
<tr><td>
evidence</td><td>
set-cookie: next-i18next</td></tr>
<tr><td>
pluginId</td><td>
10010</td></tr>
<tr><td>
cweid</td><td>
1004</td></tr>
<tr><td>
confidence</td><td>
Medium</td></tr>
<tr><td>
wascid</td><td>
13</td></tr>
<tr><td>
description</td><td>
A cookie has been set without the HttpOnly flag, which means that the cookie can be accessed by JavaScript. If a malicious script can be run on this page then the cookie will be accessible and can be transmitted to another site. If this is a session cookie then session hijacking may be possible.</td></tr>
<tr><td>
messageId</td><td>
3</td></tr>
<tr><td>
url</td><td>
https://todoist.com/es</td></tr>
<tr><td>
tags</td><td>
{OWASP_2021_A05=https://owasp.org/Top10/A05_2021-Security_Misconfiguration/, WSTG-v42-SESS-02=https://owasp.org/www-project-web-security-testing-guide/v42/4-Web_Application_Security_Testing/06-Session_Management_Testing/02-Testing_for_Cookies_Attributes, OWASP_2017_A06=https://owasp.org/www-project-top-ten/2017/A6_2017-Security_Misconfiguration.html}</td></tr>
<tr><td>
reference</td><td>
https://owasp.org/www-community/HttpOnly</td></tr>
<tr><td>
solution</td><td>
Ensure that the HttpOnly flag is set for all cookies.</td></tr>
<tr><td>
alert</td><td>
Cookie No HttpOnly Flag</td></tr>
<tr><td>
param</td><td>
next-i18next</td></tr>
<tr><td>
attack</td><td>
</td></tr>
<tr><td>
name</td><td>
Cookie No HttpOnly Flag</td></tr>
<tr><td>
risk</td><td>
Low</td></tr>
<tr><td>
id</td><td>
1</td></tr>
<tr><td>
alertRef</td><td>
10010</td></tr>
</table>
</td></tr>
<tr><td>
<h2>alert</h2>
<table border="1">
<tr><td>
sourceid</td><td>
3</td></tr>
<tr><td>
other</td><td>
</td></tr>
<tr><td>
method</td><td>
GET</td></tr>
<tr><td>
evidence</td><td>
set-cookie: _csrf</td></tr>
<tr><td>
pluginId</td><td>
10010</td></tr>
<tr><td>
cweid</td><td>
1004</td></tr>
<tr><td>
confidence</td><td>
Medium</td></tr>
<tr><td>
wascid</td><td>
13</td></tr>
<tr><td>
description</td><td>
A cookie has been set without the HttpOnly flag, which means that the cookie can be accessed by JavaScript. If a malicious script can be run on this page then the cookie will be accessible and can be transmitted to another site. If this is a session cookie then session hijacking may be possible.</td></tr>
<tr><td>
messageId</td><td>
3</td></tr>
<tr><td>
url</td><td>
https://todoist.com/es</td></tr>
<tr><td>
tags</td><td>
{OWASP_2021_A05=https://owasp.org/Top10/A05_2021-Security_Misconfiguration/, WSTG-v42-SESS-02=https://owasp.org/www-project-web-security-testing-guide/v42/4-Web_Application_Security_Testing/06-Session_Management_Testing/02-Testing_for_Cookies_Attributes, OWASP_2017_A06=https://owasp.org/www-project-top-ten/2017/A6_2017-Security_Misconfiguration.html}</td></tr>
<tr><td>
reference</td><td>
https://owasp.org/www-community/HttpOnly</td></tr>
<tr><td>
solution</td><td>
Ensure that the HttpOnly flag is set for all cookies.</td></tr>
<tr><td>
alert</td><td>
Cookie No HttpOnly Flag</td></tr>
<tr><td>
param</td><td>
_csrf</td></tr>
<tr><td>
attack</td><td>
</td></tr>
<tr><td>
name</td><td>
Cookie No HttpOnly Flag</td></tr>
<tr><td>
risk</td><td>
Low</td></tr>
<tr><td>
id</td><td>
2</td></tr>
<tr><td>
alertRef</td><td>
10010</td></tr>
</table>
</td></tr>
<tr><td>
<h2>alert</h2>
<table border="1">
<tr><td>
sourceid</td><td>
3</td></tr>
<tr><td>
other</td><td>
</td></tr>
<tr><td>
method</td><td>
GET</td></tr>
<tr><td>
evidence</td><td>
set-cookie: next-i18next</td></tr>
<tr><td>
pluginId</td><td>
10054</td></tr>
<tr><td>
cweid</td><td>
1275</td></tr>
<tr><td>
confidence</td><td>
Medium</td></tr>
<tr><td>
wascid</td><td>
13</td></tr>
<tr><td>
description</td><td>
Una cookie ha sido enviada sin el atributo SameSite, lo que significa que la cookie puede ser enviada como un resultado de una solicitud 'cross-site'. 
El atributo SameSite es una medida efectiva contra solicitudes de falsificaci&oacute;n de cross-site, inclusi&oacute;n de secuencias cross-site, y ataques sincronizados.</td></tr>
<tr><td>
messageId</td><td>
3</td></tr>
<tr><td>
url</td><td>
https://todoist.com/es</td></tr>
<tr><td>
tags</td><td>
{OWASP_2021_A01=https://owasp.org/Top10/A01_2021-Broken_Access_Control/, WSTG-v42-SESS-02=https://owasp.org/www-project-web-security-testing-guide/v42/4-Web_Application_Security_Testing/06-Session_Management_Testing/02-Testing_for_Cookies_Attributes, OWASP_2017_A05=https://owasp.org/www-project-top-ten/2017/A5_2017-Broken_Access_Control.html}</td></tr>
<tr><td>
reference</td><td>
https://tools.ietf.org/html/draft-ietf-httpbis-cookie-same-site</td></tr>
<tr><td>
solution</td><td>
Aseg&uacute;rese que el atributo SameSite est&aacute; establecido como 'lax' o idealmente 'strict' para todas las cookies.</td></tr>
<tr><td>
alert</td><td>
Cookie without SameSite Attribute</td></tr>
<tr><td>
param</td><td>
next-i18next</td></tr>
<tr><td>
attack</td><td>
</td></tr>
<tr><td>
name</td><td>
Cookie without SameSite Attribute</td></tr>
<tr><td>
risk</td><td>
Low</td></tr>
<tr><td>
id</td><td>
3</td></tr>
<tr><td>
alertRef</td><td>
10054</td></tr>
</table>
</td></tr>
<tr><td>
<h2>alert</h2>
<table border="1">
<tr><td>
sourceid</td><td>
3</td></tr>
<tr><td>
other</td><td>
</td></tr>
<tr><td>
method</td><td>
GET</td></tr>
<tr><td>
evidence</td><td>
set-cookie: _csrf</td></tr>
<tr><td>
pluginId</td><td>
10054</td></tr>
<tr><td>
cweid</td><td>
1275</td></tr>
<tr><td>
confidence</td><td>
Medium</td></tr>
<tr><td>
wascid</td><td>
13</td></tr>
<tr><td>
description</td><td>
Una cookie ha sido enviada sin el atributo SameSite, lo que significa que la cookie puede ser enviada como un resultado de una solicitud 'cross-site'. 
El atributo SameSite es una medida efectiva contra solicitudes de falsificaci&oacute;n de cross-site, inclusi&oacute;n de secuencias cross-site, y ataques sincronizados.</td></tr>
<tr><td>
messageId</td><td>
3</td></tr>
<tr><td>
url</td><td>
https://todoist.com/es</td></tr>
<tr><td>
tags</td><td>
{OWASP_2021_A01=https://owasp.org/Top10/A01_2021-Broken_Access_Control/, WSTG-v42-SESS-02=https://owasp.org/www-project-web-security-testing-guide/v42/4-Web_Application_Security_Testing/06-Session_Management_Testing/02-Testing_for_Cookies_Attributes, OWASP_2017_A05=https://owasp.org/www-project-top-ten/2017/A5_2017-Broken_Access_Control.html}</td></tr>
<tr><td>
reference</td><td>
https://tools.ietf.org/html/draft-ietf-httpbis-cookie-same-site</td></tr>
<tr><td>
solution</td><td>
Aseg&uacute;rese que el atributo SameSite est&aacute; establecido como 'lax' o idealmente 'strict' para todas las cookies.</td></tr>
<tr><td>
alert</td><td>
Cookie without SameSite Attribute</td></tr>
<tr><td>
param</td><td>
_csrf</td></tr>
<tr><td>
attack</td><td>
</td></tr>
<tr><td>
name</td><td>
Cookie without SameSite Attribute</td></tr>
<tr><td>
risk</td><td>
Low</td></tr>
<tr><td>
id</td><td>
4</td></tr>
<tr><td>
alertRef</td><td>
10054</td></tr>
</table>
</td></tr>
<tr><td>
<h2>alert</h2>
<table border="1">
<tr><td>
sourceid</td><td>
3</td></tr>
<tr><td>
other</td><td>
</td></tr>
<tr><td>
method</td><td>
GET</td></tr>
<tr><td>
evidence</td><td>
set-cookie: next-i18next</td></tr>
<tr><td>
pluginId</td><td>
10011</td></tr>
<tr><td>
cweid</td><td>
614</td></tr>
<tr><td>
confidence</td><td>
Medium</td></tr>
<tr><td>
wascid</td><td>
13</td></tr>
<tr><td>
description</td><td>
A cookie has been set without the secure flag, which means that the cookie can be accessed via unencrypted connections.</td></tr>
<tr><td>
messageId</td><td>
3</td></tr>
<tr><td>
url</td><td>
https://todoist.com/es</td></tr>
<tr><td>
tags</td><td>
{OWASP_2021_A05=https://owasp.org/Top10/A05_2021-Security_Misconfiguration/, WSTG-v42-SESS-02=https://owasp.org/www-project-web-security-testing-guide/v42/4-Web_Application_Security_Testing/06-Session_Management_Testing/02-Testing_for_Cookies_Attributes, OWASP_2017_A06=https://owasp.org/www-project-top-ten/2017/A6_2017-Security_Misconfiguration.html}</td></tr>
<tr><td>
reference</td><td>
https://owasp.org/www-project-web-security-testing-guide/v41/4-Web_Application_Security_Testing/06-Session_Management_Testing/02-Testing_for_Cookies_Attributes.html</td></tr>
<tr><td>
solution</td><td>
Whenever a cookie contains sensitive information or is a session token, then it should always be passed using an encrypted channel. Ensure that the secure flag is set for cookies containing such sensitive information.</td></tr>
<tr><td>
alert</td><td>
Cookie Without Secure Flag</td></tr>
<tr><td>
param</td><td>
next-i18next</td></tr>
<tr><td>
attack</td><td>
</td></tr>
<tr><td>
name</td><td>
Cookie Without Secure Flag</td></tr>
<tr><td>
risk</td><td>
Low</td></tr>
<tr><td>
id</td><td>
5</td></tr>
<tr><td>
alertRef</td><td>
10011</td></tr>
</table>
</td></tr>
<tr><td>
<h2>alert</h2>
<table border="1">
<tr><td>
sourceid</td><td>
3</td></tr>
<tr><td>
other</td><td>
</td></tr>
<tr><td>
method</td><td>
GET</td></tr>
<tr><td>
evidence</td><td>
set-cookie: _csrf</td></tr>
<tr><td>
pluginId</td><td>
10011</td></tr>
<tr><td>
cweid</td><td>
614</td></tr>
<tr><td>
confidence</td><td>
Medium</td></tr>
<tr><td>
wascid</td><td>
13</td></tr>
<tr><td>
description</td><td>
A cookie has been set without the secure flag, which means that the cookie can be accessed via unencrypted connections.</td></tr>
<tr><td>
messageId</td><td>
3</td></tr>
<tr><td>
url</td><td>
https://todoist.com/es</td></tr>
<tr><td>
tags</td><td>
{OWASP_2021_A05=https://owasp.org/Top10/A05_2021-Security_Misconfiguration/, WSTG-v42-SESS-02=https://owasp.org/www-project-web-security-testing-guide/v42/4-Web_Application_Security_Testing/06-Session_Management_Testing/02-Testing_for_Cookies_Attributes, OWASP_2017_A06=https://owasp.org/www-project-top-ten/2017/A6_2017-Security_Misconfiguration.html}</td></tr>
<tr><td>
reference</td><td>
https://owasp.org/www-project-web-security-testing-guide/v41/4-Web_Application_Security_Testing/06-Session_Management_Testing/02-Testing_for_Cookies_Attributes.html</td></tr>
<tr><td>
solution</td><td>
Whenever a cookie contains sensitive information or is a session token, then it should always be passed using an encrypted channel. Ensure that the secure flag is set for cookies containing such sensitive information.</td></tr>
<tr><td>
alert</td><td>
Cookie Without Secure Flag</td></tr>
<tr><td>
param</td><td>
_csrf</td></tr>
<tr><td>
attack</td><td>
</td></tr>
<tr><td>
name</td><td>
Cookie Without Secure Flag</td></tr>
<tr><td>
risk</td><td>
Low</td></tr>
<tr><td>
id</td><td>
6</td></tr>
<tr><td>
alertRef</td><td>
10011</td></tr>
</table>
</td></tr>
<tr><td>
<h2>alert</h2>
<table border="1">
<tr><td>
sourceid</td><td>
3</td></tr>
<tr><td>
other</td><td>
The following pattern was used: \bTODO\b and was detected in the element starting with: &quot;&lt;script id=&quot;__NEXT_DATA__&quot; type=&quot;application/json&quot;&gt;{&quot;props&quot;:{&quot;pageProps&quot;:{&quot;webpSupport&quot;:true,&quot;isAuthenticated&quot;:false,&quot;cookies&quot;:{&quot;, see evidence field for the suspicious comment/snippet.</td></tr>
<tr><td>
method</td><td>
GET</td></tr>
<tr><td>
evidence</td><td>
Todo</td></tr>
<tr><td>
pluginId</td><td>
10027</td></tr>
<tr><td>
cweid</td><td>
200</td></tr>
<tr><td>
confidence</td><td>
Low</td></tr>
<tr><td>
wascid</td><td>
13</td></tr>
<tr><td>
description</td><td>
The response appears to contain suspicious comments which may help an attacker. Note: Matches made within script blocks or files are against the entire content not only comments.</td></tr>
<tr><td>
messageId</td><td>
3</td></tr>
<tr><td>
url</td><td>
https://todoist.com/es</td></tr>
<tr><td>
tags</td><td>
{OWASP_2021_A01=https://owasp.org/Top10/A01_2021-Broken_Access_Control/, OWASP_2017_A03=https://owasp.org/www-project-top-ten/2017/A3_2017-Sensitive_Data_Exposure.html}</td></tr>
<tr><td>
reference</td><td>
</td></tr>
<tr><td>
solution</td><td>
Eliminar todos los comentarios que devuelvan informaci&oacute;n que podr&iacute;a ayudar a un atacante y arreglar cualquier problema subyacente al que se refieran.</td></tr>
<tr><td>
alert</td><td>
Divulgaci&oacute;n de informaci&oacute;n - Comentarios sospechosos</td></tr>
<tr><td>
param</td><td>
</td></tr>
<tr><td>
attack</td><td>
</td></tr>
<tr><td>
name</td><td>
Divulgaci&oacute;n de informaci&oacute;n - Comentarios sospechosos</td></tr>
<tr><td>
risk</td><td>
Informational</td></tr>
<tr><td>
id</td><td>
7</td></tr>
<tr><td>
alertRef</td><td>
10027</td></tr>
</table>
</td></tr>
<tr><td>
<h2>alert</h2>
<table border="1">
<tr><td>
sourceid</td><td>
3</td></tr>
<tr><td>
other</td><td>
This issue still applies to error type pages (401, 403, 500, etc.) as those pages are often still affected by injection issues, in which case there is still concern for browsers sniffing pages away from their actual content type.
At &quot;High&quot; threshold this scan rule will not alert on client or server error responses.</td></tr>
<tr><td>
method</td><td>
GET</td></tr>
<tr><td>
evidence</td><td>
</td></tr>
<tr><td>
pluginId</td><td>
10021</td></tr>
<tr><td>
cweid</td><td>
693</td></tr>
<tr><td>
confidence</td><td>
Medium</td></tr>
<tr><td>
wascid</td><td>
15</td></tr>
<tr><td>
description</td><td>
The Anti-MIME-Sniffing header X-Content-Type-Options was not set to 'nosniff'. This allows older versions of Internet Explorer and Chrome to perform MIME-sniffing on the response body, potentially causing the response body to be interpreted and displayed as a content type other than the declared content type. Current (early 2014) and legacy versions of Firefox will use the declared content type (if one is set), rather than performing MIME-sniffing.</td></tr>
<tr><td>
messageId</td><td>
3</td></tr>
<tr><td>
url</td><td>
https://todoist.com/es</td></tr>
<tr><td>
tags</td><td>
{OWASP_2021_A05=https://owasp.org/Top10/A05_2021-Security_Misconfiguration/, OWASP_2017_A06=https://owasp.org/www-project-top-ten/2017/A6_2017-Security_Misconfiguration.html}</td></tr>
<tr><td>
reference</td><td>
http://msdn.microsoft.com/en-us/library/ie/gg622941%28v=vs.85%29.aspx
https://owasp.org/www-community/Security_Headers</td></tr>
<tr><td>
solution</td><td>
Ensure that the application/web server sets the Content-Type header appropriately, and that it sets the X-Content-Type-Options header to 'nosniff' for all web pages.
If possible, ensure that the end user uses a standards-compliant and modern web browser that does not perform MIME-sniffing at all, or that can be directed by the web application/web server to not perform MIME-sniffing.</td></tr>
<tr><td>
alert</td><td>
X-Content-Type-Options Header Missing</td></tr>
<tr><td>
param</td><td>
X-Content-Type-Options</td></tr>
<tr><td>
attack</td><td>
</td></tr>
<tr><td>
name</td><td>
X-Content-Type-Options Header Missing</td></tr>
<tr><td>
risk</td><td>
Low</td></tr>
<tr><td>
id</td><td>
8</td></tr>
<tr><td>
alertRef</td><td>
10021</td></tr>
</table>
</td></tr>
</table>
</body>

GET request: http://127.0.0.1:8080/HTML/alert/view/alerts/?baseurl=https://todoist.com/es
request body: 
response code: 200
response body: <head>
</head>
<body>
<h2>alerts</h2>
<table border="1">
<tr><td>
<h2>alert</h2>
<table border="1">
<tr><td>
sourceid</td><td>
3</td></tr>
<tr><td>
other</td><td>
</td></tr>
<tr><td>
method</td><td>
GET</td></tr>
<tr><td>
evidence</td><td>
</td></tr>
<tr><td>
pluginId</td><td>
10038</td></tr>
<tr><td>
cweid</td><td>
693</td></tr>
<tr><td>
confidence</td><td>
High</td></tr>
<tr><td>
wascid</td><td>
15</td></tr>
<tr><td>
description</td><td>
Content Security Policy (CSP) is an added layer of security that helps to detect and mitigate certain types of attacks, including Cross Site Scripting (XSS) and data injection attacks. These attacks are used for everything from data theft to site defacement or distribution of malware. CSP provides a set of standard HTTP headers that allow website owners to declare approved sources of content that browsers should be allowed to load on that page &mdash; covered types are JavaScript, CSS, HTML frames, fonts, images and embeddable objects such as Java applets, ActiveX, audio and video files.</td></tr>
<tr><td>
messageId</td><td>
3</td></tr>
<tr><td>
url</td><td>
https://todoist.com/es</td></tr>
<tr><td>
tags</td><td>
{OWASP_2021_A05=https://owasp.org/Top10/A05_2021-Security_Misconfiguration/, OWASP_2017_A06=https://owasp.org/www-project-top-ten/2017/A6_2017-Security_Misconfiguration.html}</td></tr>
<tr><td>
reference</td><td>
https://developer.mozilla.org/en-US/docs/Web/Security/CSP/Introducing_Content_Security_Policy
https://cheatsheetseries.owasp.org/cheatsheets/Content_Security_Policy_Cheat_Sheet.html
http://www.w3.org/TR/CSP/
http://w3c.github.io/webappsec/specs/content-security-policy/csp-specification.dev.html
http://www.html5rocks.com/en/tutorials/security/content-security-policy/
http://caniuse.com/#feat=contentsecuritypolicy
http://content-security-policy.com/</td></tr>
<tr><td>
solution</td><td>
Ensure that your web server, application server, load balancer, etc. is configured to set the Content-Security-Policy header, to achieve optimal browser support: &quot;Content-Security-Policy&quot; for Chrome 25+, Firefox 23+ and Safari 7+, &quot;X-Content-Security-Policy&quot; for Firefox 4.0+ and Internet Explorer 10+, and &quot;X-WebKit-CSP&quot; for Chrome 14+ and Safari 6+.</td></tr>
<tr><td>
alert</td><td>
Content Security Policy (CSP) Header Not Set</td></tr>
<tr><td>
param</td><td>
</td></tr>
<tr><td>
attack</td><td>
</td></tr>
<tr><td>
name</td><td>
Content Security Policy (CSP) Header Not Set</td></tr>
<tr><td>
risk</td><td>
Medium</td></tr>
<tr><td>
id</td><td>
0</td></tr>
<tr><td>
alertRef</td><td>
10038</td></tr>
</table>
</td></tr>
<tr><td>
<h2>alert</h2>
<table border="1">
<tr><td>
sourceid</td><td>
3</td></tr>
<tr><td>
other</td><td>
</td></tr>
<tr><td>
method</td><td>
GET</td></tr>
<tr><td>
evidence</td><td>
set-cookie: next-i18next</td></tr>
<tr><td>
pluginId</td><td>
10010</td></tr>
<tr><td>
cweid</td><td>
1004</td></tr>
<tr><td>
confidence</td><td>
Medium</td></tr>
<tr><td>
wascid</td><td>
13</td></tr>
<tr><td>
description</td><td>
A cookie has been set without the HttpOnly flag, which means that the cookie can be accessed by JavaScript. If a malicious script can be run on this page then the cookie will be accessible and can be transmitted to another site. If this is a session cookie then session hijacking may be possible.</td></tr>
<tr><td>
messageId</td><td>
3</td></tr>
<tr><td>
url</td><td>
https://todoist.com/es</td></tr>
<tr><td>
tags</td><td>
{OWASP_2021_A05=https://owasp.org/Top10/A05_2021-Security_Misconfiguration/, WSTG-v42-SESS-02=https://owasp.org/www-project-web-security-testing-guide/v42/4-Web_Application_Security_Testing/06-Session_Management_Testing/02-Testing_for_Cookies_Attributes, OWASP_2017_A06=https://owasp.org/www-project-top-ten/2017/A6_2017-Security_Misconfiguration.html}</td></tr>
<tr><td>
reference</td><td>
https://owasp.org/www-community/HttpOnly</td></tr>
<tr><td>
solution</td><td>
Ensure that the HttpOnly flag is set for all cookies.</td></tr>
<tr><td>
alert</td><td>
Cookie No HttpOnly Flag</td></tr>
<tr><td>
param</td><td>
next-i18next</td></tr>
<tr><td>
attack</td><td>
</td></tr>
<tr><td>
name</td><td>
Cookie No HttpOnly Flag</td></tr>
<tr><td>
risk</td><td>
Low</td></tr>
<tr><td>
id</td><td>
1</td></tr>
<tr><td>
alertRef</td><td>
10010</td></tr>
</table>
</td></tr>
<tr><td>
<h2>alert</h2>
<table border="1">
<tr><td>
sourceid</td><td>
3</td></tr>
<tr><td>
other</td><td>
</td></tr>
<tr><td>
method</td><td>
GET</td></tr>
<tr><td>
evidence</td><td>
set-cookie: _csrf</td></tr>
<tr><td>
pluginId</td><td>
10010</td></tr>
<tr><td>
cweid</td><td>
1004</td></tr>
<tr><td>
confidence</td><td>
Medium</td></tr>
<tr><td>
wascid</td><td>
13</td></tr>
<tr><td>
description</td><td>
A cookie has been set without the HttpOnly flag, which means that the cookie can be accessed by JavaScript. If a malicious script can be run on this page then the cookie will be accessible and can be transmitted to another site. If this is a session cookie then session hijacking may be possible.</td></tr>
<tr><td>
messageId</td><td>
3</td></tr>
<tr><td>
url</td><td>
https://todoist.com/es</td></tr>
<tr><td>
tags</td><td>
{OWASP_2021_A05=https://owasp.org/Top10/A05_2021-Security_Misconfiguration/, WSTG-v42-SESS-02=https://owasp.org/www-project-web-security-testing-guide/v42/4-Web_Application_Security_Testing/06-Session_Management_Testing/02-Testing_for_Cookies_Attributes, OWASP_2017_A06=https://owasp.org/www-project-top-ten/2017/A6_2017-Security_Misconfiguration.html}</td></tr>
<tr><td>
reference</td><td>
https://owasp.org/www-community/HttpOnly</td></tr>
<tr><td>
solution</td><td>
Ensure that the HttpOnly flag is set for all cookies.</td></tr>
<tr><td>
alert</td><td>
Cookie No HttpOnly Flag</td></tr>
<tr><td>
param</td><td>
_csrf</td></tr>
<tr><td>
attack</td><td>
</td></tr>
<tr><td>
name</td><td>
Cookie No HttpOnly Flag</td></tr>
<tr><td>
risk</td><td>
Low</td></tr>
<tr><td>
id</td><td>
2</td></tr>
<tr><td>
alertRef</td><td>
10010</td></tr>
</table>
</td></tr>
<tr><td>
<h2>alert</h2>
<table border="1">
<tr><td>
sourceid</td><td>
3</td></tr>
<tr><td>
other</td><td>
</td></tr>
<tr><td>
method</td><td>
GET</td></tr>
<tr><td>
evidence</td><td>
set-cookie: next-i18next</td></tr>
<tr><td>
pluginId</td><td>
10054</td></tr>
<tr><td>
cweid</td><td>
1275</td></tr>
<tr><td>
confidence</td><td>
Medium</td></tr>
<tr><td>
wascid</td><td>
13</td></tr>
<tr><td>
description</td><td>
Una cookie ha sido enviada sin el atributo SameSite, lo que significa que la cookie puede ser enviada como un resultado de una solicitud 'cross-site'. 
El atributo SameSite es una medida efectiva contra solicitudes de falsificaci&oacute;n de cross-site, inclusi&oacute;n de secuencias cross-site, y ataques sincronizados.</td></tr>
<tr><td>
messageId</td><td>
3</td></tr>
<tr><td>
url</td><td>
https://todoist.com/es</td></tr>
<tr><td>
tags</td><td>
{OWASP_2021_A01=https://owasp.org/Top10/A01_2021-Broken_Access_Control/, WSTG-v42-SESS-02=https://owasp.org/www-project-web-security-testing-guide/v42/4-Web_Application_Security_Testing/06-Session_Management_Testing/02-Testing_for_Cookies_Attributes, OWASP_2017_A05=https://owasp.org/www-project-top-ten/2017/A5_2017-Broken_Access_Control.html}</td></tr>
<tr><td>
reference</td><td>
https://tools.ietf.org/html/draft-ietf-httpbis-cookie-same-site</td></tr>
<tr><td>
solution</td><td>
Aseg&uacute;rese que el atributo SameSite est&aacute; establecido como 'lax' o idealmente 'strict' para todas las cookies.</td></tr>
<tr><td>
alert</td><td>
Cookie without SameSite Attribute</td></tr>
<tr><td>
param</td><td>
next-i18next</td></tr>
<tr><td>
attack</td><td>
</td></tr>
<tr><td>
name</td><td>
Cookie without SameSite Attribute</td></tr>
<tr><td>
risk</td><td>
Low</td></tr>
<tr><td>
id</td><td>
3</td></tr>
<tr><td>
alertRef</td><td>
10054</td></tr>
</table>
</td></tr>
<tr><td>
<h2>alert</h2>
<table border="1">
<tr><td>
sourceid</td><td>
3</td></tr>
<tr><td>
other</td><td>
</td></tr>
<tr><td>
method</td><td>
GET</td></tr>
<tr><td>
evidence</td><td>
set-cookie: _csrf</td></tr>
<tr><td>
pluginId</td><td>
10054</td></tr>
<tr><td>
cweid</td><td>
1275</td></tr>
<tr><td>
confidence</td><td>
Medium</td></tr>
<tr><td>
wascid</td><td>
13</td></tr>
<tr><td>
description</td><td>
Una cookie ha sido enviada sin el atributo SameSite, lo que significa que la cookie puede ser enviada como un resultado de una solicitud 'cross-site'. 
El atributo SameSite es una medida efectiva contra solicitudes de falsificaci&oacute;n de cross-site, inclusi&oacute;n de secuencias cross-site, y ataques sincronizados.</td></tr>
<tr><td>
messageId</td><td>
3</td></tr>
<tr><td>
url</td><td>
https://todoist.com/es</td></tr>
<tr><td>
tags</td><td>
{OWASP_2021_A01=https://owasp.org/Top10/A01_2021-Broken_Access_Control/, WSTG-v42-SESS-02=https://owasp.org/www-project-web-security-testing-guide/v42/4-Web_Application_Security_Testing/06-Session_Management_Testing/02-Testing_for_Cookies_Attributes, OWASP_2017_A05=https://owasp.org/www-project-top-ten/2017/A5_2017-Broken_Access_Control.html}</td></tr>
<tr><td>
reference</td><td>
https://tools.ietf.org/html/draft-ietf-httpbis-cookie-same-site</td></tr>
<tr><td>
solution</td><td>
Aseg&uacute;rese que el atributo SameSite est&aacute; establecido como 'lax' o idealmente 'strict' para todas las cookies.</td></tr>
<tr><td>
alert</td><td>
Cookie without SameSite Attribute</td></tr>
<tr><td>
param</td><td>
_csrf</td></tr>
<tr><td>
attack</td><td>
</td></tr>
<tr><td>
name</td><td>
Cookie without SameSite Attribute</td></tr>
<tr><td>
risk</td><td>
Low</td></tr>
<tr><td>
id</td><td>
4</td></tr>
<tr><td>
alertRef</td><td>
10054</td></tr>
</table>
</td></tr>
<tr><td>
<h2>alert</h2>
<table border="1">
<tr><td>
sourceid</td><td>
3</td></tr>
<tr><td>
other</td><td>
</td></tr>
<tr><td>
method</td><td>
GET</td></tr>
<tr><td>
evidence</td><td>
set-cookie: next-i18next</td></tr>
<tr><td>
pluginId</td><td>
10011</td></tr>
<tr><td>
cweid</td><td>
614</td></tr>
<tr><td>
confidence</td><td>
Medium</td></tr>
<tr><td>
wascid</td><td>
13</td></tr>
<tr><td>
description</td><td>
A cookie has been set without the secure flag, which means that the cookie can be accessed via unencrypted connections.</td></tr>
<tr><td>
messageId</td><td>
3</td></tr>
<tr><td>
url</td><td>
https://todoist.com/es</td></tr>
<tr><td>
tags</td><td>
{OWASP_2021_A05=https://owasp.org/Top10/A05_2021-Security_Misconfiguration/, WSTG-v42-SESS-02=https://owasp.org/www-project-web-security-testing-guide/v42/4-Web_Application_Security_Testing/06-Session_Management_Testing/02-Testing_for_Cookies_Attributes, OWASP_2017_A06=https://owasp.org/www-project-top-ten/2017/A6_2017-Security_Misconfiguration.html}</td></tr>
<tr><td>
reference</td><td>
https://owasp.org/www-project-web-security-testing-guide/v41/4-Web_Application_Security_Testing/06-Session_Management_Testing/02-Testing_for_Cookies_Attributes.html</td></tr>
<tr><td>
solution</td><td>
Whenever a cookie contains sensitive information or is a session token, then it should always be passed using an encrypted channel. Ensure that the secure flag is set for cookies containing such sensitive information.</td></tr>
<tr><td>
alert</td><td>
Cookie Without Secure Flag</td></tr>
<tr><td>
param</td><td>
next-i18next</td></tr>
<tr><td>
attack</td><td>
</td></tr>
<tr><td>
name</td><td>
Cookie Without Secure Flag</td></tr>
<tr><td>
risk</td><td>
Low</td></tr>
<tr><td>
id</td><td>
5</td></tr>
<tr><td>
alertRef</td><td>
10011</td></tr>
</table>
</td></tr>
<tr><td>
<h2>alert</h2>
<table border="1">
<tr><td>
sourceid</td><td>
3</td></tr>
<tr><td>
other</td><td>
</td></tr>
<tr><td>
method</td><td>
GET</td></tr>
<tr><td>
evidence</td><td>
set-cookie: _csrf</td></tr>
<tr><td>
pluginId</td><td>
10011</td></tr>
<tr><td>
cweid</td><td>
614</td></tr>
<tr><td>
confidence</td><td>
Medium</td></tr>
<tr><td>
wascid</td><td>
13</td></tr>
<tr><td>
description</td><td>
A cookie has been set without the secure flag, which means that the cookie can be accessed via unencrypted connections.</td></tr>
<tr><td>
messageId</td><td>
3</td></tr>
<tr><td>
url</td><td>
https://todoist.com/es</td></tr>
<tr><td>
tags</td><td>
{OWASP_2021_A05=https://owasp.org/Top10/A05_2021-Security_Misconfiguration/, WSTG-v42-SESS-02=https://owasp.org/www-project-web-security-testing-guide/v42/4-Web_Application_Security_Testing/06-Session_Management_Testing/02-Testing_for_Cookies_Attributes, OWASP_2017_A06=https://owasp.org/www-project-top-ten/2017/A6_2017-Security_Misconfiguration.html}</td></tr>
<tr><td>
reference</td><td>
https://owasp.org/www-project-web-security-testing-guide/v41/4-Web_Application_Security_Testing/06-Session_Management_Testing/02-Testing_for_Cookies_Attributes.html</td></tr>
<tr><td>
solution</td><td>
Whenever a cookie contains sensitive information or is a session token, then it should always be passed using an encrypted channel. Ensure that the secure flag is set for cookies containing such sensitive information.</td></tr>
<tr><td>
alert</td><td>
Cookie Without Secure Flag</td></tr>
<tr><td>
param</td><td>
_csrf</td></tr>
<tr><td>
attack</td><td>
</td></tr>
<tr><td>
name</td><td>
Cookie Without Secure Flag</td></tr>
<tr><td>
risk</td><td>
Low</td></tr>
<tr><td>
id</td><td>
6</td></tr>
<tr><td>
alertRef</td><td>
10011</td></tr>
</table>
</td></tr>
<tr><td>
<h2>alert</h2>
<table border="1">
<tr><td>
sourceid</td><td>
3</td></tr>
<tr><td>
other</td><td>
The following pattern was used: \bTODO\b and was detected in the element starting with: &quot;&lt;script id=&quot;__NEXT_DATA__&quot; type=&quot;application/json&quot;&gt;{&quot;props&quot;:{&quot;pageProps&quot;:{&quot;webpSupport&quot;:true,&quot;isAuthenticated&quot;:false,&quot;cookies&quot;:{&quot;, see evidence field for the suspicious comment/snippet.</td></tr>
<tr><td>
method</td><td>
GET</td></tr>
<tr><td>
evidence</td><td>
Todo</td></tr>
<tr><td>
pluginId</td><td>
10027</td></tr>
<tr><td>
cweid</td><td>
200</td></tr>
<tr><td>
confidence</td><td>
Low</td></tr>
<tr><td>
wascid</td><td>
13</td></tr>
<tr><td>
description</td><td>
The response appears to contain suspicious comments which may help an attacker. Note: Matches made within script blocks or files are against the entire content not only comments.</td></tr>
<tr><td>
messageId</td><td>
3</td></tr>
<tr><td>
url</td><td>
https://todoist.com/es</td></tr>
<tr><td>
tags</td><td>
{OWASP_2021_A01=https://owasp.org/Top10/A01_2021-Broken_Access_Control/, OWASP_2017_A03=https://owasp.org/www-project-top-ten/2017/A3_2017-Sensitive_Data_Exposure.html}</td></tr>
<tr><td>
reference</td><td>
</td></tr>
<tr><td>
solution</td><td>
Eliminar todos los comentarios que devuelvan informaci&oacute;n que podr&iacute;a ayudar a un atacante y arreglar cualquier problema subyacente al que se refieran.</td></tr>
<tr><td>
alert</td><td>
Divulgaci&oacute;n de informaci&oacute;n - Comentarios sospechosos</td></tr>
<tr><td>
param</td><td>
</td></tr>
<tr><td>
attack</td><td>
</td></tr>
<tr><td>
name</td><td>
Divulgaci&oacute;n de informaci&oacute;n - Comentarios sospechosos</td></tr>
<tr><td>
risk</td><td>
Informational</td></tr>
<tr><td>
id</td><td>
7</td></tr>
<tr><td>
alertRef</td><td>
10027</td></tr>
</table>
</td></tr>
<tr><td>
<h2>alert</h2>
<table border="1">
<tr><td>
sourceid</td><td>
3</td></tr>
<tr><td>
other</td><td>
This issue still applies to error type pages (401, 403, 500, etc.) as those pages are often still affected by injection issues, in which case there is still concern for browsers sniffing pages away from their actual content type.
At &quot;High&quot; threshold this scan rule will not alert on client or server error responses.</td></tr>
<tr><td>
method</td><td>
GET</td></tr>
<tr><td>
evidence</td><td>
</td></tr>
<tr><td>
pluginId</td><td>
10021</td></tr>
<tr><td>
cweid</td><td>
693</td></tr>
<tr><td>
confidence</td><td>
Medium</td></tr>
<tr><td>
wascid</td><td>
15</td></tr>
<tr><td>
description</td><td>
The Anti-MIME-Sniffing header X-Content-Type-Options was not set to 'nosniff'. This allows older versions of Internet Explorer and Chrome to perform MIME-sniffing on the response body, potentially causing the response body to be interpreted and displayed as a content type other than the declared content type. Current (early 2014) and legacy versions of Firefox will use the declared content type (if one is set), rather than performing MIME-sniffing.</td></tr>
<tr><td>
messageId</td><td>
3</td></tr>
<tr><td>
url</td><td>
https://todoist.com/es</td></tr>
<tr><td>
tags</td><td>
{OWASP_2021_A05=https://owasp.org/Top10/A05_2021-Security_Misconfiguration/, OWASP_2017_A06=https://owasp.org/www-project-top-ten/2017/A6_2017-Security_Misconfiguration.html}</td></tr>
<tr><td>
reference</td><td>
http://msdn.microsoft.com/en-us/library/ie/gg622941%28v=vs.85%29.aspx
https://owasp.org/www-community/Security_Headers</td></tr>
<tr><td>
solution</td><td>
Ensure that the application/web server sets the Content-Type header appropriately, and that it sets the X-Content-Type-Options header to 'nosniff' for all web pages.
If possible, ensure that the end user uses a standards-compliant and modern web browser that does not perform MIME-sniffing at all, or that can be directed by the web application/web server to not perform MIME-sniffing.</td></tr>
<tr><td>
alert</td><td>
X-Content-Type-Options Header Missing</td></tr>
<tr><td>
param</td><td>
X-Content-Type-Options</td></tr>
<tr><td>
attack</td><td>
</td></tr>
<tr><td>
name</td><td>
X-Content-Type-Options Header Missing</td></tr>
<tr><td>
risk</td><td>
Low</td></tr>
<tr><td>
id</td><td>
8</td></tr>
<tr><td>
alertRef</td><td>
10021</td></tr>
</table>
</td></tr>
</table>
</body>

GET request: http://127.0.0.1:8080/HTML/ascan/view/scanProgress/?scanId=0
request body: 
response code: 200
response body: <head>
</head>
<body>
<h2>scanProgress</h2>
<table border="1">
<tr><td>
<table border="1">
<tr><td>
id</td><td>
https://todoist.com</td></tr>
</table>
</td></tr>
<tr><td>
<h2>HostProcess</h2>
<table border="1">
<tr><td>
<h2>Plugin</h2>
<table border="1">
<tr><td>
<table border="1">
<tr><td>
name</td><td>
Path Traversal</td></tr>
</table>
</td></tr>
<tr><td>
<table border="1">
<tr><td>
id</td><td>
6</td></tr>
</table>
</td></tr>
<tr><td>
<table border="1">
<tr><td>
quality</td><td>
release</td></tr>
</table>
</td></tr>
<tr><td>
<table border="1">
<tr><td>
status</td><td>
Complete</td></tr>
</table>
</td></tr>
<tr><td>
<table border="1">
<tr><td>
timeInMs</td><td>
36</td></tr>
</table>
</td></tr>
<tr><td>
<table border="1">
<tr><td>
reqCount</td><td>
0</td></tr>
</table>
</td></tr>
<tr><td>
<table border="1">
<tr><td>
alertCount</td><td>
0</td></tr>
</table>
</td></tr>
</table>
</td></tr>
<tr><td>
<h2>Plugin</h2>
<table border="1">
<tr><td>
<table border="1">
<tr><td>
name</td><td>
Inclusi&oacute;n Remota de Archivos</td></tr>
</table>
</td></tr>
<tr><td>
<table border="1">
<tr><td>
id</td><td>
7</td></tr>
</table>
</td></tr>
<tr><td>
<table border="1">
<tr><td>
quality</td><td>
release</td></tr>
</table>
</td></tr>
<tr><td>
<table border="1">
<tr><td>
status</td><td>
Complete</td></tr>
</table>
</td></tr>
<tr><td>
<table border="1">
<tr><td>
timeInMs</td><td>
21</td></tr>
</table>
</td></tr>
<tr><td>
<table border="1">
<tr><td>
reqCount</td><td>
0</td></tr>
</table>
</td></tr>
<tr><td>
<table border="1">
<tr><td>
alertCount</td><td>
0</td></tr>
</table>
</td></tr>
</table>
</td></tr>
<tr><td>
<h2>Plugin</h2>
<table border="1">
<tr><td>
<table border="1">
<tr><td>
name</td><td>
Divulgaci&oacute;n del c&oacute;digo fuente - / carpeta WEB-INF</td></tr>
</table>
</td></tr>
<tr><td>
<table border="1">
<tr><td>
id</td><td>
10045</td></tr>
</table>
</td></tr>
<tr><td>
<table border="1">
<tr><td>
quality</td><td>
release</td></tr>
</table>
</td></tr>
<tr><td>
<table border="1">
<tr><td>
status</td><td>
99%</td></tr>
</table>
</td></tr>
<tr><td>
<table border="1">
<tr><td>
timeInMs</td><td>
20343</td></tr>
</table>
</td></tr>
<tr><td>
<table border="1">
<tr><td>
reqCount</td><td>
28</td></tr>
</table>
</td></tr>
<tr><td>
<table border="1">
<tr><td>
alertCount</td><td>
0</td></tr>
</table>
</td></tr>
</table>
</td></tr>
<tr><td>
<h2>Plugin</h2>
<table border="1">
<tr><td>
<table border="1">
<tr><td>
name</td><td>
External Redirect</td></tr>
</table>
</td></tr>
<tr><td>
<table border="1">
<tr><td>
id</td><td>
20019</td></tr>
</table>
</td></tr>
<tr><td>
<table border="1">
<tr><td>
quality</td><td>
release</td></tr>
</table>
</td></tr>
<tr><td>
<table border="1">
<tr><td>
status</td><td>
99%</td></tr>
</table>
</td></tr>
<tr><td>
<table border="1">
<tr><td>
timeInMs</td><td>
20341</td></tr>
</table>
</td></tr>
<tr><td>
<table border="1">
<tr><td>
reqCount</td><td>
0</td></tr>
</table>
</td></tr>
<tr><td>
<table border="1">
<tr><td>
alertCount</td><td>
0</td></tr>
</table>
</td></tr>
</table>
</td></tr>
<tr><td>
<h2>Plugin</h2>
<table border="1">
<tr><td>
<table border="1">
<tr><td>
name</td><td>
Server Side Include</td></tr>
</table>
</td></tr>
<tr><td>
<table border="1">
<tr><td>
id</td><td>
40009</td></tr>
</table>
</td></tr>
<tr><td>
<table border="1">
<tr><td>
quality</td><td>
release</td></tr>
</table>
</td></tr>
<tr><td>
<table border="1">
<tr><td>
status</td><td>
Pending</td></tr>
</table>
</td></tr>
<tr><td>
<table border="1">
<tr><td>
timeInMs</td><td>
0</td></tr>
</table>
</td></tr>
<tr><td>
<table border="1">
<tr><td>
reqCount</td><td>
0</td></tr>
</table>
</td></tr>
<tr><td>
<table border="1">
<tr><td>
alertCount</td><td>
0</td></tr>
</table>
</td></tr>
</table>
</td></tr>
<tr><td>
<h2>Plugin</h2>
<table border="1">
<tr><td>
<table border="1">
<tr><td>
name</td><td>
Cross Site Scripting (Reflected)</td></tr>
</table>
</td></tr>
<tr><td>
<table border="1">
<tr><td>
id</td><td>
40012</td></tr>
</table>
</td></tr>
<tr><td>
<table border="1">
<tr><td>
quality</td><td>
release</td></tr>
</table>
</td></tr>
<tr><td>
<table border="1">
<tr><td>
status</td><td>
Pending</td></tr>
</table>
</td></tr>
<tr><td>
<table border="1">
<tr><td>
timeInMs</td><td>
0</td></tr>
</table>
</td></tr>
<tr><td>
<table border="1">
<tr><td>
reqCount</td><td>
0</td></tr>
</table>
</td></tr>
<tr><td>
<table border="1">
<tr><td>
alertCount</td><td>
0</td></tr>
</table>
</td></tr>
</table>
</td></tr>
<tr><td>
<h2>Plugin</h2>
<table border="1">
<tr><td>
<table border="1">
<tr><td>
name</td><td>
Cross Site Scripting (Persistent) - Prime</td></tr>
</table>
</td></tr>
<tr><td>
<table border="1">
<tr><td>
id</td><td>
40016</td></tr>
</table>
</td></tr>
<tr><td>
<table border="1">
<tr><td>
quality</td><td>
release</td></tr>
</table>
</td></tr>
<tr><td>
<table border="1">
<tr><td>
status</td><td>
Pending</td></tr>
</table>
</td></tr>
<tr><td>
<table border="1">
<tr><td>
timeInMs</td><td>
0</td></tr>
</table>
</td></tr>
<tr><td>
<table border="1">
<tr><td>
reqCount</td><td>
0</td></tr>
</table>
</td></tr>
<tr><td>
<table border="1">
<tr><td>
alertCount</td><td>
0</td></tr>
</table>
</td></tr>
</table>
</td></tr>
<tr><td>
<h2>Plugin</h2>
<table border="1">
<tr><td>
<table border="1">
<tr><td>
name</td><td>
Cross Site Scripting (Persistent) - Spider</td></tr>
</table>
</td></tr>
<tr><td>
<table border="1">
<tr><td>
id</td><td>
40017</td></tr>
</table>
</td></tr>
<tr><td>
<table border="1">
<tr><td>
quality</td><td>
release</td></tr>
</table>
</td></tr>
<tr><td>
<table border="1">
<tr><td>
status</td><td>
Pending</td></tr>
</table>
</td></tr>
<tr><td>
<table border="1">
<tr><td>
timeInMs</td><td>
0</td></tr>
</table>
</td></tr>
<tr><td>
<table border="1">
<tr><td>
reqCount</td><td>
0</td></tr>
</table>
</td></tr>
<tr><td>
<table border="1">
<tr><td>
alertCount</td><td>
0</td></tr>
</table>
</td></tr>
</table>
</td></tr>
<tr><td>
<h2>Plugin</h2>
<table border="1">
<tr><td>
<table border="1">
<tr><td>
name</td><td>
Cross Site Scripting (Persistent)</td></tr>
</table>
</td></tr>
<tr><td>
<table border="1">
<tr><td>
id</td><td>
40014</td></tr>
</table>
</td></tr>
<tr><td>
<table border="1">
<tr><td>
quality</td><td>
release</td></tr>
</table>
</td></tr>
<tr><td>
<table border="1">
<tr><td>
status</td><td>
Pending</td></tr>
</table>
</td></tr>
<tr><td>
<table border="1">
<tr><td>
timeInMs</td><td>
0</td></tr>
</table>
</td></tr>
<tr><td>
<table border="1">
<tr><td>
reqCount</td><td>
0</td></tr>
</table>
</td></tr>
<tr><td>
<table border="1">
<tr><td>
alertCount</td><td>
0</td></tr>
</table>
</td></tr>
</table>
</td></tr>
<tr><td>
<h2>Plugin</h2>
<table border="1">
<tr><td>
<table border="1">
<tr><td>
name</td><td>
Falla por Inyecci&oacute;n SQL</td></tr>
</table>
</td></tr>
<tr><td>
<table border="1">
<tr><td>
id</td><td>
40018</td></tr>
</table>
</td></tr>
<tr><td>
<table border="1">
<tr><td>
quality</td><td>
release</td></tr>
</table>
</td></tr>
<tr><td>
<table border="1">
<tr><td>
status</td><td>
Pending</td></tr>
</table>
</td></tr>
<tr><td>
<table border="1">
<tr><td>
timeInMs</td><td>
0</td></tr>
</table>
</td></tr>
<tr><td>
<table border="1">
<tr><td>
reqCount</td><td>
0</td></tr>
</table>
</td></tr>
<tr><td>
<table border="1">
<tr><td>
alertCount</td><td>
0</td></tr>
</table>
</td></tr>
</table>
</td></tr>
<tr><td>
<h2>Plugin</h2>
<table border="1">
<tr><td>
<table border="1">
<tr><td>
name</td><td>
Server Side Code Injection</td></tr>
</table>
</td></tr>
<tr><td>
<table border="1">
<tr><td>
id</td><td>
90019</td></tr>
</table>
</td></tr>
<tr><td>
<table border="1">
<tr><td>
quality</td><td>
release</td></tr>
</table>
</td></tr>
<tr><td>
<table border="1">
<tr><td>
status</td><td>
Pending</td></tr>
</table>
</td></tr>
<tr><td>
<table border="1">
<tr><td>
timeInMs</td><td>
0</td></tr>
</table>
</td></tr>
<tr><td>
<table border="1">
<tr><td>
reqCount</td><td>
0</td></tr>
</table>
</td></tr>
<tr><td>
<table border="1">
<tr><td>
alertCount</td><td>
0</td></tr>
</table>
</td></tr>
</table>
</td></tr>
<tr><td>
<h2>Plugin</h2>
<table border="1">
<tr><td>
<table border="1">
<tr><td>
name</td><td>
Remote OS Command Injection</td></tr>
</table>
</td></tr>
<tr><td>
<table border="1">
<tr><td>
id</td><td>
90020</td></tr>
</table>
</td></tr>
<tr><td>
<table border="1">
<tr><td>
quality</td><td>
release</td></tr>
</table>
</td></tr>
<tr><td>
<table border="1">
<tr><td>
status</td><td>
Pending</td></tr>
</table>
</td></tr>
<tr><td>
<table border="1">
<tr><td>
timeInMs</td><td>
0</td></tr>
</table>
</td></tr>
<tr><td>
<table border="1">
<tr><td>
reqCount</td><td>
0</td></tr>
</table>
</td></tr>
<tr><td>
<table border="1">
<tr><td>
alertCount</td><td>
0</td></tr>
</table>
</td></tr>
</table>
</td></tr>
<tr><td>
<h2>Plugin</h2>
<table border="1">
<tr><td>
<table border="1">
<tr><td>
name</td><td>
Exploraci&oacute;n de directorios</td></tr>
</table>
</td></tr>
<tr><td>
<table border="1">
<tr><td>
id</td><td>
0</td></tr>
</table>
</td></tr>
<tr><td>
<table border="1">
<tr><td>
quality</td><td>
release</td></tr>
</table>
</td></tr>
<tr><td>
<table border="1">
<tr><td>
status</td><td>
Pending</td></tr>
</table>
</td></tr>
<tr><td>
<table border="1">
<tr><td>
timeInMs</td><td>
0</td></tr>
</table>
</td></tr>
<tr><td>
<table border="1">
<tr><td>
reqCount</td><td>
0</td></tr>
</table>
</td></tr>
<tr><td>
<table border="1">
<tr><td>
alertCount</td><td>
0</td></tr>
</table>
</td></tr>
</table>
</td></tr>
<tr><td>
<h2>Plugin</h2>
<table border="1">
<tr><td>
<table border="1">
<tr><td>
name</td><td>
Buffer Overflow</td></tr>
</table>
</td></tr>
<tr><td>
<table border="1">
<tr><td>
id</td><td>
30001</td></tr>
</table>
</td></tr>
<tr><td>
<table border="1">
<tr><td>
quality</td><td>
release</td></tr>
</table>
</td></tr>
<tr><td>
<table border="1">
<tr><td>
status</td><td>
Pending</td></tr>
</table>
</td></tr>
<tr><td>
<table border="1">
<tr><td>
timeInMs</td><td>
0</td></tr>
</table>
</td></tr>
<tr><td>
<table border="1">
<tr><td>
reqCount</td><td>
0</td></tr>
</table>
</td></tr>
<tr><td>
<table border="1">
<tr><td>
alertCount</td><td>
0</td></tr>
</table>
</td></tr>
</table>
</td></tr>
<tr><td>
<h2>Plugin</h2>
<table border="1">
<tr><td>
<table border="1">
<tr><td>
name</td><td>
Error de formato de cadena</td></tr>
</table>
</td></tr>
<tr><td>
<table border="1">
<tr><td>
id</td><td>
30002</td></tr>
</table>
</td></tr>
<tr><td>
<table border="1">
<tr><td>
quality</td><td>
release</td></tr>
</table>
</td></tr>
<tr><td>
<table border="1">
<tr><td>
status</td><td>
Pending</td></tr>
</table>
</td></tr>
<tr><td>
<table border="1">
<tr><td>
timeInMs</td><td>
0</td></tr>
</table>
</td></tr>
<tr><td>
<table border="1">
<tr><td>
reqCount</td><td>
0</td></tr>
</table>
</td></tr>
<tr><td>
<table border="1">
<tr><td>
alertCount</td><td>
0</td></tr>
</table>
</td></tr>
</table>
</td></tr>
<tr><td>
<h2>Plugin</h2>
<table border="1">
<tr><td>
<table border="1">
<tr><td>
name</td><td>
CRLF Injection</td></tr>
</table>
</td></tr>
<tr><td>
<table border="1">
<tr><td>
id</td><td>
40003</td></tr>
</table>
</td></tr>
<tr><td>
<table border="1">
<tr><td>
quality</td><td>
release</td></tr>
</table>
</td></tr>
<tr><td>
<table border="1">
<tr><td>
status</td><td>
Pending</td></tr>
</table>
</td></tr>
<tr><td>
<table border="1">
<tr><td>
timeInMs</td><td>
0</td></tr>
</table>
</td></tr>
<tr><td>
<table border="1">
<tr><td>
reqCount</td><td>
0</td></tr>
</table>
</td></tr>
<tr><td>
<table border="1">
<tr><td>
alertCount</td><td>
0</td></tr>
</table>
</td></tr>
</table>
</td></tr>
<tr><td>
<h2>Plugin</h2>
<table border="1">
<tr><td>
<table border="1">
<tr><td>
name</td><td>
Parameter Tampering</td></tr>
</table>
</td></tr>
<tr><td>
<table border="1">
<tr><td>
id</td><td>
40008</td></tr>
</table>
</td></tr>
<tr><td>
<table border="1">
<tr><td>
quality</td><td>
release</td></tr>
</table>
</td></tr>
<tr><td>
<table border="1">
<tr><td>
status</td><td>
Pending</td></tr>
</table>
</td></tr>
<tr><td>
<table border="1">
<tr><td>
timeInMs</td><td>
0</td></tr>
</table>
</td></tr>
<tr><td>
<table border="1">
<tr><td>
reqCount</td><td>
0</td></tr>
</table>
</td></tr>
<tr><td>
<table border="1">
<tr><td>
alertCount</td><td>
0</td></tr>
</table>
</td></tr>
</table>
</td></tr>
<tr><td>
<h2>Plugin</h2>
<table border="1">
<tr><td>
<table border="1">
<tr><td>
name</td><td>
Fuga de informaci&oacute;n ELMAH</td></tr>
</table>
</td></tr>
<tr><td>
<table border="1">
<tr><td>
id</td><td>
40028</td></tr>
</table>
</td></tr>
<tr><td>
<table border="1">
<tr><td>
quality</td><td>
release</td></tr>
</table>
</td></tr>
<tr><td>
<table border="1">
<tr><td>
status</td><td>
Pending</td></tr>
</table>
</td></tr>
<tr><td>
<table border="1">
<tr><td>
timeInMs</td><td>
0</td></tr>
</table>
</td></tr>
<tr><td>
<table border="1">
<tr><td>
reqCount</td><td>
0</td></tr>
</table>
</td></tr>
<tr><td>
<table border="1">
<tr><td>
alertCount</td><td>
0</td></tr>
</table>
</td></tr>
</table>
</td></tr>
<tr><td>
<h2>Plugin</h2>
<table border="1">
<tr><td>
<table border="1">
<tr><td>
name</td><td>
.htaccess Information Leak</td></tr>
</table>
</td></tr>
<tr><td>
<table border="1">
<tr><td>
id</td><td>
40032</td></tr>
</table>
</td></tr>
<tr><td>
<table border="1">
<tr><td>
quality</td><td>
release</td></tr>
</table>
</td></tr>
<tr><td>
<table border="1">
<tr><td>
status</td><td>
Pending</td></tr>
</table>
</td></tr>
<tr><td>
<table border="1">
<tr><td>
timeInMs</td><td>
0</td></tr>
</table>
</td></tr>
<tr><td>
<table border="1">
<tr><td>
reqCount</td><td>
0</td></tr>
</table>
</td></tr>
<tr><td>
<table border="1">
<tr><td>
alertCount</td><td>
0</td></tr>
</table>
</td></tr>
</table>
</td></tr>
<tr><td>
<h2>Plugin</h2>
<table border="1">
<tr><td>
<table border="1">
<tr><td>
name</td><td>
Reglas de b&uacute;squeda activadas para el Script</td></tr>
</table>
</td></tr>
<tr><td>
<table border="1">
<tr><td>
id</td><td>
50000</td></tr>
</table>
</td></tr>
<tr><td>
<table border="1">
<tr><td>
quality</td><td>
release</td></tr>
</table>
</td></tr>
<tr><td>
<table border="1">
<tr><td>
status</td><td>
Pending</td></tr>
</table>
</td></tr>
<tr><td>
<table border="1">
<tr><td>
timeInMs</td><td>
0</td></tr>
</table>
</td></tr>
<tr><td>
<table border="1">
<tr><td>
reqCount</td><td>
0</td></tr>
</table>
</td></tr>
<tr><td>
<table border="1">
<tr><td>
alertCount</td><td>
0</td></tr>
</table>
</td></tr>
</table>
</td></tr>
<tr><td>
<h2>Plugin</h2>
<table border="1">
<tr><td>
<table border="1">
<tr><td>
name</td><td>
Source Code Disclosure - Git </td></tr>
</table>
</td></tr>
<tr><td>
<table border="1">
<tr><td>
id</td><td>
41</td></tr>
</table>
</td></tr>
<tr><td>
<table border="1">
<tr><td>
quality</td><td>
beta</td></tr>
</table>
</td></tr>
<tr><td>
<table border="1">
<tr><td>
status</td><td>
Pending</td></tr>
</table>
</td></tr>
<tr><td>
<table border="1">
<tr><td>
timeInMs</td><td>
0</td></tr>
</table>
</td></tr>
<tr><td>
<table border="1">
<tr><td>
reqCount</td><td>
0</td></tr>
</table>
</td></tr>
<tr><td>
<table border="1">
<tr><td>
alertCount</td><td>
0</td></tr>
</table>
</td></tr>
</table>
</td></tr>
<tr><td>
<h2>Plugin</h2>
<table border="1">
<tr><td>
<table border="1">
<tr><td>
name</td><td>
Source Code Disclosure - File Inclusion</td></tr>
</table>
</td></tr>
<tr><td>
<table border="1">
<tr><td>
id</td><td>
43</td></tr>
</table>
</td></tr>
<tr><td>
<table border="1">
<tr><td>
quality</td><td>
beta</td></tr>
</table>
</td></tr>
<tr><td>
<table border="1">
<tr><td>
status</td><td>
Pending</td></tr>
</table>
</td></tr>
<tr><td>
<table border="1">
<tr><td>
timeInMs</td><td>
0</td></tr>
</table>
</td></tr>
<tr><td>
<table border="1">
<tr><td>
reqCount</td><td>
0</td></tr>
</table>
</td></tr>
<tr><td>
<table border="1">
<tr><td>
alertCount</td><td>
0</td></tr>
</table>
</td></tr>
</table>
</td></tr>
<tr><td>
<h2>Plugin</h2>
<table border="1">
<tr><td>
<table border="1">
<tr><td>
name</td><td>
Ejecuci&oacute;n remota de c&oacute;digo - Shell Shock</td></tr>
</table>
</td></tr>
<tr><td>
<table border="1">
<tr><td>
id</td><td>
10048</td></tr>
</table>
</td></tr>
<tr><td>
<table border="1">
<tr><td>
quality</td><td>
beta</td></tr>
</table>
</td></tr>
<tr><td>
<table border="1">
<tr><td>
status</td><td>
Pending</td></tr>
</table>
</td></tr>
<tr><td>
<table border="1">
<tr><td>
timeInMs</td><td>
0</td></tr>
</table>
</td></tr>
<tr><td>
<table border="1">
<tr><td>
reqCount</td><td>
0</td></tr>
</table>
</td></tr>
<tr><td>
<table border="1">
<tr><td>
alertCount</td><td>
0</td></tr>
</table>
</td></tr>
</table>
</td></tr>
<tr><td>
<h2>Plugin</h2>
<table border="1">
<tr><td>
<table border="1">
<tr><td>
name</td><td>
Httpoxy - Proxy Header Misuse</td></tr>
</table>
</td></tr>
<tr><td>
<table border="1">
<tr><td>
id</td><td>
10107</td></tr>
</table>
</td></tr>
<tr><td>
<table border="1">
<tr><td>
quality</td><td>
beta</td></tr>
</table>
</td></tr>
<tr><td>
<table border="1">
<tr><td>
status</td><td>
Pending</td></tr>
</table>
</td></tr>
<tr><td>
<table border="1">
<tr><td>
timeInMs</td><td>
0</td></tr>
</table>
</td></tr>
<tr><td>
<table border="1">
<tr><td>
reqCount</td><td>
0</td></tr>
</table>
</td></tr>
<tr><td>
<table border="1">
<tr><td>
alertCount</td><td>
0</td></tr>
</table>
</td></tr>
</table>
</td></tr>
<tr><td>
<h2>Plugin</h2>
<table border="1">
<tr><td>
<table border="1">
<tr><td>
name</td><td>
Vulnerabilidades de OpenSLL HeartBleed</td></tr>
</table>
</td></tr>
<tr><td>
<table border="1">
<tr><td>
id</td><td>
20015</td></tr>
</table>
</td></tr>
<tr><td>
<table border="1">
<tr><td>
quality</td><td>
beta</td></tr>
</table>
</td></tr>
<tr><td>
<table border="1">
<tr><td>
status</td><td>
Pending</td></tr>
</table>
</td></tr>
<tr><td>
<table border="1">
<tr><td>
timeInMs</td><td>
0</td></tr>
</table>
</td></tr>
<tr><td>
<table border="1">
<tr><td>
reqCount</td><td>
0</td></tr>
</table>
</td></tr>
<tr><td>
<table border="1">
<tr><td>
alertCount</td><td>
0</td></tr>
</table>
</td></tr>
</table>
</td></tr>
<tr><td>
<h2>Plugin</h2>
<table border="1">
<tr><td>
<table border="1">
<tr><td>
name</td><td>
Desconfiguraci&oacute;n de Dominio cruzado</td></tr>
</table>
</td></tr>
<tr><td>
<table border="1">
<tr><td>
id</td><td>
20016</td></tr>
</table>
</td></tr>
<tr><td>
<table border="1">
<tr><td>
quality</td><td>
beta</td></tr>
</table>
</td></tr>
<tr><td>
<table border="1">
<tr><td>
status</td><td>
Pending</td></tr>
</table>
</td></tr>
<tr><td>
<table border="1">
<tr><td>
timeInMs</td><td>
0</td></tr>
</table>
</td></tr>
<tr><td>
<table border="1">
<tr><td>
reqCount</td><td>
0</td></tr>
</table>
</td></tr>
<tr><td>
<table border="1">
<tr><td>
alertCount</td><td>
0</td></tr>
</table>
</td></tr>
</table>
</td></tr>
<tr><td>
<h2>Plugin</h2>
<table border="1">
<tr><td>
<table border="1">
<tr><td>
name</td><td>
Divulgaci&oacute;n del c&oacute;digo fuente - CVE-2012-1823</td></tr>
</table>
</td></tr>
<tr><td>
<table border="1">
<tr><td>
id</td><td>
20017</td></tr>
</table>
</td></tr>
<tr><td>
<table border="1">
<tr><td>
quality</td><td>
beta</td></tr>
</table>
</td></tr>
<tr><td>
<table border="1">
<tr><td>
status</td><td>
Pending</td></tr>
</table>
</td></tr>
<tr><td>
<table border="1">
<tr><td>
timeInMs</td><td>
0</td></tr>
</table>
</td></tr>
<tr><td>
<table border="1">
<tr><td>
reqCount</td><td>
0</td></tr>
</table>
</td></tr>
<tr><td>
<table border="1">
<tr><td>
alertCount</td><td>
0</td></tr>
</table>
</td></tr>
</table>
</td></tr>
<tr><td>
<h2>Plugin</h2>
<table border="1">
<tr><td>
<table border="1">
<tr><td>
name</td><td>
Ejecuci&oacute;n remota de c&oacute;digo - CVE-2012-1823</td></tr>
</table>
</td></tr>
<tr><td>
<table border="1">
<tr><td>
id</td><td>
20018</td></tr>
</table>
</td></tr>
<tr><td>
<table border="1">
<tr><td>
quality</td><td>
beta</td></tr>
</table>
</td></tr>
<tr><td>
<table border="1">
<tr><td>
status</td><td>
Pending</td></tr>
</table>
</td></tr>
<tr><td>
<table border="1">
<tr><td>
timeInMs</td><td>
0</td></tr>
</table>
</td></tr>
<tr><td>
<table border="1">
<tr><td>
reqCount</td><td>
0</td></tr>
</table>
</td></tr>
<tr><td>
<table border="1">
<tr><td>
alertCount</td><td>
0</td></tr>
</table>
</td></tr>
</table>
</td></tr>
<tr><td>
<h2>Plugin</h2>
<table border="1">
<tr><td>
<table border="1">
<tr><td>
name</td><td>
Fijaci&oacute;n de Sesi&oacute;n</td></tr>
</table>
</td></tr>
<tr><td>
<table border="1">
<tr><td>
id</td><td>
40013</td></tr>
</table>
</td></tr>
<tr><td>
<table border="1">
<tr><td>
quality</td><td>
beta</td></tr>
</table>
</td></tr>
<tr><td>
<table border="1">
<tr><td>
status</td><td>
Pending</td></tr>
</table>
</td></tr>
<tr><td>
<table border="1">
<tr><td>
timeInMs</td><td>
0</td></tr>
</table>
</td></tr>
<tr><td>
<table border="1">
<tr><td>
reqCount</td><td>
0</td></tr>
</table>
</td></tr>
<tr><td>
<table border="1">
<tr><td>
alertCount</td><td>
0</td></tr>
</table>
</td></tr>
</table>
</td></tr>
<tr><td>
<h2>Plugin</h2>
<table border="1">
<tr><td>
<table border="1">
<tr><td>
name</td><td>
Inyecci&oacute;n SQL - MySQL</td></tr>
</table>
</td></tr>
<tr><td>
<table border="1">
<tr><td>
id</td><td>
40019</td></tr>
</table>
</td></tr>
<tr><td>
<table border="1">
<tr><td>
quality</td><td>
beta</td></tr>
</table>
</td></tr>
<tr><td>
<table border="1">
<tr><td>
status</td><td>
Pending</td></tr>
</table>
</td></tr>
<tr><td>
<table border="1">
<tr><td>
timeInMs</td><td>
0</td></tr>
</table>
</td></tr>
<tr><td>
<table border="1">
<tr><td>
reqCount</td><td>
0</td></tr>
</table>
</td></tr>
<tr><td>
<table border="1">
<tr><td>
alertCount</td><td>
0</td></tr>
</table>
</td></tr>
</table>
</td></tr>
<tr><td>
<h2>Plugin</h2>
<table border="1">
<tr><td>
<table border="1">
<tr><td>
name</td><td>
Inyecci&oacute;n SQL - SQL hipers&oacute;nico</td></tr>
</table>
</td></tr>
<tr><td>
<table border="1">
<tr><td>
id</td><td>
40020</td></tr>
</table>
</td></tr>
<tr><td>
<table border="1">
<tr><td>
quality</td><td>
beta</td></tr>
</table>
</td></tr>
<tr><td>
<table border="1">
<tr><td>
status</td><td>
Pending</td></tr>
</table>
</td></tr>
<tr><td>
<table border="1">
<tr><td>
timeInMs</td><td>
0</td></tr>
</table>
</td></tr>
<tr><td>
<table border="1">
<tr><td>
reqCount</td><td>
0</td></tr>
</table>
</td></tr>
<tr><td>
<table border="1">
<tr><td>
alertCount</td><td>
0</td></tr>
</table>
</td></tr>
</table>
</td></tr>
<tr><td>
<h2>Plugin</h2>
<table border="1">
<tr><td>
<table border="1">
<tr><td>
name</td><td>
Inyecci&oacute;n SQL - Or&aacute;culo</td></tr>
</table>
</td></tr>
<tr><td>
<table border="1">
<tr><td>
id</td><td>
40021</td></tr>
</table>
</td></tr>
<tr><td>
<table border="1">
<tr><td>
quality</td><td>
beta</td></tr>
</table>
</td></tr>
<tr><td>
<table border="1">
<tr><td>
status</td><td>
Pending</td></tr>
</table>
</td></tr>
<tr><td>
<table border="1">
<tr><td>
timeInMs</td><td>
0</td></tr>
</table>
</td></tr>
<tr><td>
<table border="1">
<tr><td>
reqCount</td><td>
0</td></tr>
</table>
</td></tr>
<tr><td>
<table border="1">
<tr><td>
alertCount</td><td>
0</td></tr>
</table>
</td></tr>
</table>
</td></tr>
<tr><td>
<h2>Plugin</h2>
<table border="1">
<tr><td>
<table border="1">
<tr><td>
name</td><td>
Inyecci&oacute;n SQL - PostgreSQL</td></tr>
</table>
</td></tr>
<tr><td>
<table border="1">
<tr><td>
id</td><td>
40022</td></tr>
</table>
</td></tr>
<tr><td>
<table border="1">
<tr><td>
quality</td><td>
beta</td></tr>
</table>
</td></tr>
<tr><td>
<table border="1">
<tr><td>
status</td><td>
Pending</td></tr>
</table>
</td></tr>
<tr><td>
<table border="1">
<tr><td>
timeInMs</td><td>
0</td></tr>
</table>
</td></tr>
<tr><td>
<table border="1">
<tr><td>
reqCount</td><td>
0</td></tr>
</table>
</td></tr>
<tr><td>
<table border="1">
<tr><td>
alertCount</td><td>
0</td></tr>
</table>
</td></tr>
</table>
</td></tr>
<tr><td>
<h2>Plugin</h2>
<table border="1">
<tr><td>
<table border="1">
<tr><td>
name</td><td>
SQL Injection - SQLite</td></tr>
</table>
</td></tr>
<tr><td>
<table border="1">
<tr><td>
id</td><td>
40024</td></tr>
</table>
</td></tr>
<tr><td>
<table border="1">
<tr><td>
quality</td><td>
beta</td></tr>
</table>
</td></tr>
<tr><td>
<table border="1">
<tr><td>
status</td><td>
Pending</td></tr>
</table>
</td></tr>
<tr><td>
<table border="1">
<tr><td>
timeInMs</td><td>
0</td></tr>
</table>
</td></tr>
<tr><td>
<table border="1">
<tr><td>
reqCount</td><td>
0</td></tr>
</table>
</td></tr>
<tr><td>
<table border="1">
<tr><td>
alertCount</td><td>
0</td></tr>
</table>
</td></tr>
</table>
</td></tr>
<tr><td>
<h2>Plugin</h2>
<table border="1">
<tr><td>
<table border="1">
<tr><td>
name</td><td>
Sitio cruzado de Scripting (Basado en DOM)</td></tr>
</table>
</td></tr>
<tr><td>
<table border="1">
<tr><td>
id</td><td>
40026</td></tr>
</table>
</td></tr>
<tr><td>
<table border="1">
<tr><td>
quality</td><td>
beta</td></tr>
</table>
</td></tr>
<tr><td>
<table border="1">
<tr><td>
status</td><td>
Pending</td></tr>
</table>
</td></tr>
<tr><td>
<table border="1">
<tr><td>
timeInMs</td><td>
0</td></tr>
</table>
</td></tr>
<tr><td>
<table border="1">
<tr><td>
reqCount</td><td>
0</td></tr>
</table>
</td></tr>
<tr><td>
<table border="1">
<tr><td>
alertCount</td><td>
0</td></tr>
</table>
</td></tr>
</table>
</td></tr>
<tr><td>
<h2>Plugin</h2>
<table border="1">
<tr><td>
<table border="1">
<tr><td>
name</td><td>
SQL Injection - MsSQL</td></tr>
</table>
</td></tr>
<tr><td>
<table border="1">
<tr><td>
id</td><td>
40027</td></tr>
</table>
</td></tr>
<tr><td>
<table border="1">
<tr><td>
quality</td><td>
beta</td></tr>
</table>
</td></tr>
<tr><td>
<table border="1">
<tr><td>
status</td><td>
Pending</td></tr>
</table>
</td></tr>
<tr><td>
<table border="1">
<tr><td>
timeInMs</td><td>
0</td></tr>
</table>
</td></tr>
<tr><td>
<table border="1">
<tr><td>
reqCount</td><td>
0</td></tr>
</table>
</td></tr>
<tr><td>
[...]
						<td width="20%"
							class="indent2">Evidence</td>
						<td width="80%"></td>
					</tr>
				
					<tr>
						<td width="20%"
							class="indent1">URL</td>
						<td width="80%"><a href="https://todoist.com/_next/static/chunks/webpack-4be01baa9f0f31bf.js">https://todoist.com/_next/static/chunks/webpack-4be01baa9f0f31bf.js</a></td>
					</tr>
					<tr>
						<td width="20%"
							class="indent2">Método</td>
						<td width="80%">GET</td>
					</tr>
					<tr>
						<td width="20%"
							class="indent2">Parameter</td>
						<td width="80%">X-Content-Type-Options</td>
					</tr>
					<tr>
						<td width="20%"
							class="indent2">Atacar</td>
						<td width="80%"></td>
					</tr>
					<tr>
						<td width="20%"
							class="indent2">Evidence</td>
						<td width="80%"></td>
					</tr>
				
					<tr>
						<td width="20%"
							class="indent1">URL</td>
						<td width="80%"><a href="https://todoist.com/_next/static/css/1747a9a3ad274125.css">https://todoist.com/_next/static/css/1747a9a3ad274125.css</a></td>
					</tr>
					<tr>
						<td width="20%"
							class="indent2">Método</td>
						<td width="80%">GET</td>
					</tr>
					<tr>
						<td width="20%"
							class="indent2">Parameter</td>
						<td width="80%">X-Content-Type-Options</td>
					</tr>
					<tr>
						<td width="20%"
							class="indent2">Atacar</td>
						<td width="80%"></td>
					</tr>
					<tr>
						<td width="20%"
							class="indent2">Evidence</td>
						<td width="80%"></td>
					</tr>
				
					<tr>
						<td width="20%"
							class="indent1">URL</td>
						<td width="80%"><a href="https://todoist.com/_next/static/css/f0f8f8df797f9de3.css">https://todoist.com/_next/static/css/f0f8f8df797f9de3.css</a></td>
					</tr>
					<tr>
						<td width="20%"
							class="indent2">Método</td>
						<td width="80%">GET</td>
					</tr>
					<tr>
						<td width="20%"
							class="indent2">Parameter</td>
						<td width="80%">X-Content-Type-Options</td>
					</tr>
					<tr>
						<td width="20%"
							class="indent2">Atacar</td>
						<td width="80%"></td>
					</tr>
					<tr>
						<td width="20%"
							class="indent2">Evidence</td>
						<td width="80%"></td>
					</tr>
				
					<tr>
						<td width="20%"
							class="indent1">URL</td>
						<td width="80%"><a href="https://todoist.com/_next/static/MEfwhqGtRUPs_64FIKPsw/_buildManifest.js">https://todoist.com/_next/static/MEfwhqGtRUPs_64FIKPsw/_buildManifest.js</a></td>
					</tr>
					<tr>
						<td width="20%"
							class="indent2">Método</td>
						<td width="80%">GET</td>
					</tr>
					<tr>
						<td width="20%"
							class="indent2">Parameter</td>
						<td width="80%">X-Content-Type-Options</td>
					</tr>
					<tr>
						<td width="20%"
							class="indent2">Atacar</td>
						<td width="80%"></td>
					</tr>
					<tr>
						<td width="20%"
							class="indent2">Evidence</td>
						<td width="80%"></td>
					</tr>
				
					<tr>
						<td width="20%"
							class="indent1">URL</td>
						<td width="80%"><a href="https://todoist.com/_next/static/MEfwhqGtRUPs_64FIKPsw/_middlewareManifest.js">https://todoist.com/_next/static/MEfwhqGtRUPs_64FIKPsw/_middlewareManifest.js</a></td>
					</tr>
					<tr>
						<td width="20%"
							class="indent2">Método</td>
						<td width="80%">GET</td>
					</tr>
					<tr>
						<td width="20%"
							class="indent2">Parameter</td>
						<td width="80%">X-Content-Type-Options</td>
					</tr>
					<tr>
						<td width="20%"
							class="indent2">Atacar</td>
						<td width="80%"></td>
					</tr>
					<tr>
						<td width="20%"
							class="indent2">Evidence</td>
						<td width="80%"></td>
					</tr>
				
					<tr>
						<td width="20%"
							class="indent1">URL</td>
						<td width="80%"><a href="https://todoist.com/_next/static/MEfwhqGtRUPs_64FIKPsw/_ssgManifest.js">https://todoist.com/_next/static/MEfwhqGtRUPs_64FIKPsw/_ssgManifest.js</a></td>
					</tr>
					<tr>
						<td width="20%"
							class="indent2">Método</td>
						<td width="80%">GET</td>
					</tr>
					<tr>
						<td width="20%"
							class="indent2">Parameter</td>
						<td width="80%">X-Content-Type-Options</td>
					</tr>
					<tr>
						<td width="20%"
							class="indent2">Atacar</td>
						<td width="80%"></td>
					</tr>
					<tr>
						<td width="20%"
							class="indent2">Evidence</td>
						<td width="80%"></td>
					</tr>
				
					<tr>
						<td width="20%"
							class="indent1">URL</td>
						<td width="80%"><a href="https://todoist.com/es">https://todoist.com/es</a></td>
					</tr>
					<tr>
						<td width="20%"
							class="indent2">Método</td>
						<td width="80%">GET</td>
					</tr>
					<tr>
						<td width="20%"
							class="indent2">Parameter</td>
						<td width="80%">X-Content-Type-Options</td>
					</tr>
					<tr>
						<td width="20%"
							class="indent2">Atacar</td>
						<td width="80%"></td>
					</tr>
					<tr>
						<td width="20%"
							class="indent2">Evidence</td>
						<td width="80%"></td>
					</tr>
				
					<tr>
						<td width="20%"
							class="indent1">URL</td>
						<td width="80%"><a href="https://todoist.com/static/fonts/Graphik-Medium-Web.woff">https://todoist.com/static/fonts/Graphik-Medium-Web.woff</a></td>
					</tr>
					<tr>
						<td width="20%"
							class="indent2">Método</td>
						<td width="80%">GET</td>
					</tr>
					<tr>
						<td width="20%"
							class="indent2">Parameter</td>
						<td width="80%">X-Content-Type-Options</td>
					</tr>
					<tr>
						<td width="20%"
							class="indent2">Atacar</td>
						<td width="80%"></td>
					</tr>
					<tr>
						<td width="20%"
							class="indent2">Evidence</td>
						<td width="80%"></td>
					</tr>
				
					<tr>
						<td width="20%"
							class="indent1">URL</td>
						<td width="80%"><a href="https://todoist.com/static/fonts/Graphik-Regular-Web.woff">https://todoist.com/static/fonts/Graphik-Regular-Web.woff</a></td>
					</tr>
					<tr>
						<td width="20%"
							class="indent2">Método</td>
						<td width="80%">GET</td>
					</tr>
					<tr>
						<td width="20%"
							class="indent2">Parameter</td>
						<td width="80%">X-Content-Type-Options</td>
					</tr>
					<tr>
						<td width="20%"
							class="indent2">Atacar</td>
						<td width="80%"></td>
					</tr>
					<tr>
						<td width="20%"
							class="indent2">Evidence</td>
						<td width="80%"></td>
					</tr>
				
					<tr>
						<td width="20%"
							class="indent1">URL</td>
						<td width="80%"><a href="https://todoist.com/static/fonts/Graphik-Semibold-Web.woff">https://todoist.com/static/fonts/Graphik-Semibold-Web.woff</a></td>
					</tr>
					<tr>
						<td width="20%"
							class="indent2">Método</td>
						<td width="80%">GET</td>
					</tr>
					<tr>
						<td width="20%"
							class="indent2">Parameter</td>
						<td width="80%">X-Content-Type-Options</td>
					</tr>
					<tr>
						<td width="20%"
							class="indent2">Atacar</td>
						<td width="80%"></td>
					</tr>
					<tr>
						<td width="20%"
							class="indent2">Evidence</td>
						<td width="80%"></td>
					</tr>
				
					<tr>
						<td width="20%"
							class="indent1">URL</td>
						<td width="80%"><a href="https://www.googletagmanager.com/gtag/js?id=G-HCDW2MG61G&amp;l=dataLayer&amp;cx=c">https://www.googletagmanager.com/gtag/js?id=G-HCDW2MG61G&amp;l=dataLayer&amp;cx=c</a></td>
					</tr>
					<tr>
						<td width="20%"
							class="indent2">Método</td>
						<td width="80%">GET</td>
					</tr>
					<tr>
						<td width="20%"
							class="indent2">Parameter</td>
						<td width="80%">X-Content-Type-Options</td>
					</tr>
					<tr>
						<td width="20%"
							class="indent2">Atacar</td>
						<td width="80%"></td>
					</tr>
					<tr>
						<td width="20%"
							class="indent2">Evidence</td>
						<td width="80%"></td>
					</tr>
				
					<tr>
						<td width="20%"
							class="indent1">URL</td>
						<td width="80%"><a href="https://www.googletagmanager.com/gtag/js?id=G-M6V9BEQD2J&amp;l=dataLayer&amp;cx=c">https://www.googletagmanager.com/gtag/js?id=G-M6V9BEQD2J&amp;l=dataLayer&amp;cx=c</a></td>
					</tr>
					<tr>
						<td width="20%"
							class="indent2">Método</td>
						<td width="80%">GET</td>
					</tr>
					<tr>
						<td width="20%"
							class="indent2">Parameter</td>
						<td width="80%">X-Content-Type-Options</td>
					</tr>
					<tr>
						<td width="20%"
							class="indent2">Atacar</td>
						<td width="80%"></td>
					</tr>
					<tr>
						<td width="20%"
							class="indent2">Evidence</td>
						<td width="80%"></td>
					</tr>
				
					<tr>
						<td width="20%"
							class="indent1">URL</td>
						<td width="80%"><a href="https://www.googletagmanager.com/gtm.js?id=GTM-MF4CZSB&amp;gtm_auth=1nvG3iE405yFhG8LM5F0nQ&amp;gtm_preview=env-2&amp;gtm_cookies_win=x">https://www.googletagmanager.com/gtm.js?id=GTM-MF4CZSB&amp;gtm_auth=1nvG3iE405yFhG8LM5F0nQ&amp;gtm_preview=env-2&amp;gtm_cookies_win=x</a></td>
					</tr>
					<tr>
						<td width="20%"
							class="indent2">Método</td>
						<td width="80%">GET</td>
					</tr>
					<tr>
						<td width="20%"
							class="indent2">Parameter</td>
						<td width="80%">X-Content-Type-Options</td>
					</tr>
					<tr>
						<td width="20%"
							class="indent2">Atacar</td>
						<td width="80%"></td>
					</tr>
					<tr>
						<td width="20%"
							class="indent2">Evidence</td>
						<td width="80%"></td>
					</tr>
				
				<tr>
					<td width="20%">Instances</td>
					<td width="80%">19</td>
				</tr>
				<tr>
					<td width="20%">Solution</td>
					<td width="80%">
							<div>Ensure that the application/web server sets the Content-Type header appropriately, and that it sets the X-Content-Type-Options header to &#39;nosniff&#39; for all web pages.</div>
							<br />
						
							<div>If possible, ensure that the end user uses a standards-compliant and modern web browser that does not perform MIME-sniffing at all, or that can be directed by the web application/web server to not perform MIME-sniffing.</div>
							
						</td>
				</tr>
				<tr>
					<td width="20%">Reference</td>
					<td width="80%">
							<a href="http://msdn.microsoft.com/en-us/library/ie/gg622941%28v=vs.85%29.aspx">http://msdn.microsoft.com/en-us/library/ie/gg622941%28v=vs.85%29.aspx</a>
							<br />
						
							<a href="https://owasp.org/www-community/Security_Headers">https://owasp.org/www-community/Security_Headers</a>
							
						</td>
				</tr>
				<tr>
					<td width="20%">CWE Id</td>
					<td width="80%"><a
						href="https://cwe.mitre.org/data/definitions/693.html">693</a></td>
				</tr>
				<tr>
					<td width="20%">WASC Id</td>
					<td width="80%">15</td>
				</tr>
				<tr>
					<td width="20%">Plugin Id</td>
					<td width="80%"><a
						href="https://www.zaproxy.org/docs/alerts/10021/">10021</a></td>
				</tr>
			</table>
			<div class="spacer"></div>
		
			<table class="results">
				<tr height="24">
					<th width="20%" class="risk-0"><a
						id="10027"></a>
						<div>Informativo</div></th>
					<th class="risk-0">Divulgación de información - Comentarios sospechosos</th>
				</tr>
				<tr>
					<td width="20%">Descripción</td>
					<td width="80%">
							<div>The response appears to contain suspicious comments which may help an attacker. Note: Matches made within script blocks or files are against the entire content not only comments.</div>
							
						</td>
				</tr>
				<TR vAlign="top">
					<TD colspan="2"></TD>
				</TR>
				
					<tr>
						<td width="20%"
							class="indent1">URL</td>
						<td width="80%"><a href="https://snap.licdn.com/li.lms-analytics/insight.min.js">https://snap.licdn.com/li.lms-analytics/insight.min.js</a></td>
					</tr>
					<tr>
						<td width="20%"
							class="indent2">Método</td>
						<td width="80%">GET</td>
					</tr>
					<tr>
						<td width="20%"
							class="indent2">Parameter</td>
						<td width="80%"></td>
					</tr>
					<tr>
						<td width="20%"
							class="indent2">Atacar</td>
						<td width="80%"></td>
					</tr>
					<tr>
						<td width="20%"
							class="indent2">Evidence</td>
						<td width="80%">from</td>
					</tr>
				
					<tr>
						<td width="20%"
							class="indent1">URL</td>
						<td width="80%"><a href="https://todoist.com/_next/static/chunks/framework-560765ab0625ba27.js">https://todoist.com/_next/static/chunks/framework-560765ab0625ba27.js</a></td>
					</tr>
					<tr>
						<td width="20%"
							class="indent2">Método</td>
						<td width="80%">GET</td>
					</tr>
					<tr>
						<td width="20%"
							class="indent2">Parameter</td>
						<td width="80%"></td>
					</tr>
					<tr>
						<td width="20%"
							class="indent2">Atacar</td>
						<td width="80%"></td>
					</tr>
					<tr>
						<td width="20%"
							class="indent2">Evidence</td>
						<td width="80%">select</td>
					</tr>
				
					<tr>
						<td width="20%"
							class="indent1">URL</td>
						<td width="80%"><a href="https://todoist.com/_next/static/chunks/main-8821c5f692d5ea55.js">https://todoist.com/_next/static/chunks/main-8821c5f692d5ea55.js</a></td>
					</tr>
					<tr>
						<td width="20%"
							class="indent2">Método</td>
						<td width="80%">GET</td>
					</tr>
					<tr>
						<td width="20%"
							class="indent2">Parameter</td>
						<td width="80%"></td>
					</tr>
					<tr>
						<td width="20%"
							class="indent2">Atacar</td>
						<td width="80%"></td>
					</tr>
					<tr>
						<td width="20%"
							class="indent2">Evidence</td>
						<td width="80%">query</td>
					</tr>
				
					<tr>
						<td width="20%"
							class="indent1">URL</td>
						<td width="80%"><a href="https://todoist.com/_next/static/chunks/pages/_app-97b12c49b92dde1c.js">https://todoist.com/_next/static/chunks/pages/_app-97b12c49b92dde1c.js</a></td>
					</tr>
					<tr>
						<td width="20%"
							class="indent2">Método</td>
						<td width="80%">GET</td>
					</tr>
					<tr>
						<td width="20%"
							class="indent2">Parameter</td>
						<td width="80%"></td>
					</tr>
					<tr>
						<td width="20%"
							class="indent2">Atacar</td>
						<td width="80%"></td>
					</tr>
					<tr>
						<td width="20%"
							class="indent2">Evidence</td>
						<td width="80%">Bug</td>
					</tr>
				
					<tr>
						<td width="20%"
							class="indent1">URL</td>
						<td width="80%"><a href="https://todoist.com/_next/static/MEfwhqGtRUPs_64FIKPsw/_buildManifest.js">https://todoist.com/_next/static/MEfwhqGtRUPs_64FIKPsw/_buildManifest.js</a></td>
					</tr>
					<tr>
						<td width="20%"
							class="indent2">Método</td>
						<td width="80%">GET</td>
					</tr>
					<tr>
						<td width="20%"
							class="indent2">Parameter</td>
						<td width="80%"></td>
					</tr>
					<tr>
						<td width="20%"
							class="indent2">Atacar</td>
						<td width="80%"></td>
					</tr>
					<tr>
						<td width="20%"
							class="indent2">Evidence</td>
						<td width="80%">user</td>
					</tr>
				
					<tr>
						<td width="20%"
							class="indent1">URL</td>
						<td width="80%"><a href="https://todoist.com/es">https://todoist.com/es</a></td>
					</tr>
					<tr>
						<td width="20%"
							class="indent2">Método</td>
						<td width="80%">GET</td>
					</tr>
					<tr>
						<td width="20%"
							class="indent2">Parameter</td>
						<td width="80%"></td>
					</tr>
					<tr>
						<td width="20%"
							class="indent2">Atacar</td>
						<td width="80%"></td>
					</tr>
					<tr>
						<td width="20%"
							class="indent2">Evidence</td>
						<td width="80%">Todo</td>
					</tr>
				
					<tr>
						<td width="20%"
							class="indent1">URL</td>
						<td width="80%"><a href="https://www.google-analytics.com/analytics.js">https://www.google-analytics.com/analytics.js</a></td>
					</tr>
					<tr>
						<td width="20%"
							class="indent2">Método</td>
						<td width="80%">GET</td>
					</tr>
					<tr>
						<td width="20%"
							class="indent2">Parameter</td>
						<td width="80%"></td>
					</tr>
					<tr>
						<td width="20%"
							class="indent2">Atacar</td>
						<td width="80%"></td>
					</tr>
					<tr>
						<td width="20%"
							class="indent2">Evidence</td>
						<td width="80%">db</td>
					</tr>
				
					<tr>
						<td width="20%"
							class="indent1">URL</td>
						<td width="80%"><a href="https://www.google-analytics.com/analytics.js">https://www.google-analytics.com/analytics.js</a></td>
					</tr>
					<tr>
						<td width="20%"
							class="indent2">Método</td>
						<td width="80%">GET</td>
					</tr>
					<tr>
						<td width="20%"
							class="indent2">Parameter</td>
						<td width="80%"></td>
					</tr>
					<tr>
						<td width="20%"
							class="indent2">Atacar</td>
						<td width="80%"></td>
					</tr>
					<tr>
						<td width="20%"
							class="indent2">Evidence</td>
						<td width="80%">query</td>
					</tr>
				
					<tr>
						<td width="20%"
							class="indent1">URL</td>
						<td width="80%"><a href="https://www.googletagmanager.com/gtag/js?id=G-HCDW2MG61G&amp;l=dataLayer&amp;cx=c">https://www.googletagmanager.com/gtag/js?id=G-HCDW2MG61G&amp;l=dataLayer&amp;cx=c</a></td>
					</tr>
					<tr>
						<td width="20%"
							class="indent2">Método</td>
						<td width="80%">GET</td>
					</tr>
					<tr>
						<td width="20%"
							class="indent2">Parameter</td>
						<td width="80%"></td>
					</tr>
					<tr>
						<td width="20%"
							class="indent2">Atacar</td>
						<td width="80%"></td>
					</tr>
					<tr>
						<td width="20%"
							class="indent2">Evidence</td>
						<td width="80%">dB</td>
					</tr>
				
					<tr>
						<td width="20%"
							class="indent1">URL</td>
						<td width="80%"><a href="https://www.googletagmanager.com/gtag/js?id=G-M6V9BEQD2J&amp;l=dataLayer&amp;cx=c">https://www.googletagmanager.com/gtag/js?id=G-M6V9BEQD2J&amp;l=dataLayer&amp;cx=c</a></td>
					</tr>
					<tr>
						<td width="20%"
							class="indent2">Método</td>
						<td width="80%">GET</td>
					</tr>
					<tr>
						<td width="20%"
							class="indent2">Parameter</td>
						<td width="80%"></td>
					</tr>
					<tr>
						<td width="20%"
							class="indent2">Atacar</td>
						<td width="80%"></td>
					</tr>
					<tr>
						<td width="20%"
							class="indent2">Evidence</td>
						<td width="80%">dB</td>
					</tr>
				
					<tr>
						<td width="20%"
							class="indent1">URL</td>
						<td width="80%"><a href="https://www.googletagmanager.com/gtm.js?id=GTM-MF4CZSB&amp;gtm_auth=1nvG3iE405yFhG8LM5F0nQ&amp;gtm_preview=env-2&amp;gtm_cookies_win=x">https://www.googletagmanager.com/gtm.js?id=GTM-MF4CZSB&amp;gtm_auth=1nvG3iE405yFhG8LM5F0nQ&amp;gtm_preview=env-2&amp;gtm_cookies_win=x</a></td>
					</tr>
					<tr>
						<td width="20%"
							class="indent2">Método</td>
						<td width="80%">GET</td>
					</tr>
					<tr>
						<td width="20%"
							class="indent2">Parameter</td>
						<td width="80%"></td>
					</tr>
					<tr>
						<td width="20%"
							class="indent2">Atacar</td>
						<td width="80%"></td>
					</tr>
					<tr>
						<td width="20%"
							class="indent2">Evidence</td>
						<td width="80%">Db</td>
					</tr>
				
				<tr>
					<td width="20%">Instances</td>
					<td width="80%">11</td>
				</tr>
				<tr>
					<td width="20%">Solution</td>
					<td width="80%">
							<div>Eliminar todos los comentarios que devuelvan información que podría ayudar a un atacante y arreglar cualquier problema subyacente al que se refieran.</div>
							
						</td>
				</tr>
				<tr>
					<td width="20%">Reference</td>
					<td width="80%"></td>
				</tr>
				<tr>
					<td width="20%">CWE Id</td>
					<td width="80%"><a
						href="https://cwe.mitre.org/data/definitions/200.html">200</a></td>
				</tr>
				<tr>
					<td width="20%">WASC Id</td>
					<td width="80%">13</td>
				</tr>
				<tr>
					<td width="20%">Plugin Id</td>
					<td width="80%"><a
						href="https://www.zaproxy.org/docs/alerts/10027/">10027</a></td>
				</tr>
			</table>
			<div class="spacer"></div>
		
	
</body>
</html>


]]></system-out>
  <system-err><![CDATA[]]></system-err>
</testsuite>
